<?xml version="1.0" encoding="UTF-8"?>
<coverage generated="1688980561018" clover="3.2.0">
  <project timestamp="1688980561018" name="All files">
    <metrics statements="423" coveredstatements="326" conditionals="150" coveredconditionals="91" methods="154" coveredmethods="103" elements="727" coveredelements="520" complexity="0" loc="423" ncloc="423" packages="4" files="23" classes="23"/>
    <package name="ath-api-tb">
      <metrics statements="36" coveredstatements="29" conditionals="16" coveredconditionals="7" methods="2" coveredmethods="0"/>
      <file name="app.js" path="/Users/paulmairot/Documents/HEIG-VD/Semester 6/TB/TB/Code projects/ath-api-tb/app.js">
        <metrics statements="25" coveredstatements="20" conditionals="4" coveredconditionals="0" methods="2" coveredmethods="0"/>
        <line num="21" count="9" type="stmt"/>
        <line num="22" count="9" type="stmt"/>
        <line num="24" count="9" type="stmt"/>
        <line num="26" count="9" type="stmt"/>
        <line num="27" count="9" type="stmt"/>
        <line num="28" count="9" type="stmt"/>
        <line num="30" count="9" type="stmt"/>
        <line num="31" count="9" type="stmt"/>
        <line num="33" count="9" type="stmt"/>
        <line num="34" count="9" type="stmt"/>
        <line num="35" count="9" type="stmt"/>
        <line num="36" count="9" type="stmt"/>
        <line num="37" count="9" type="stmt"/>
        <line num="38" count="9" type="stmt"/>
        <line num="39" count="9" type="stmt"/>
        <line num="40" count="9" type="stmt"/>
        <line num="41" count="9" type="stmt"/>
        <line num="44" count="9" type="stmt"/>
        <line num="47" count="9" type="stmt"/>
        <line num="48" count="0" type="stmt"/>
        <line num="52" count="9" type="stmt"/>
        <line num="54" count="0" type="stmt"/>
        <line num="55" count="0" type="cond" truecount="0" falsecount="2"/>
        <line num="58" count="0" type="cond" truecount="0" falsecount="2"/>
        <line num="59" count="0" type="stmt"/>
      </file>
      <file name="config.js" path="/Users/paulmairot/Documents/HEIG-VD/Semester 6/TB/TB/Code projects/ath-api-tb/config.js">
        <metrics statements="11" coveredstatements="9" conditionals="12" coveredconditionals="7" methods="0" coveredmethods="0"/>
        <line num="1" count="9" type="stmt"/>
        <line num="2" count="9" type="stmt"/>
        <line num="3" count="9" type="stmt"/>
        <line num="8" count="9" type="cond" truecount="1" falsecount="1"/>
        <line num="9" count="9" type="cond" truecount="1" falsecount="1"/>
        <line num="12" count="9" type="cond" truecount="1" falsecount="1"/>
        <line num="13" count="9" type="stmt"/>
        <line num="14" count="9" type="cond" truecount="1" falsecount="1"/>
        <line num="15" count="0" type="stmt"/>
        <line num="16" count="9" type="cond" truecount="3" falsecount="1"/>
        <line num="17" count="0" type="stmt"/>
      </file>
    </package>
    <package name="ath-api-tb.models">
      <metrics statements="50" coveredstatements="50" conditionals="8" coveredconditionals="5" methods="6" coveredmethods="6"/>
      <file name="athlete.js" path="/Users/paulmairot/Documents/HEIG-VD/Semester 6/TB/TB/Code projects/ath-api-tb/models/athlete.js">
        <metrics statements="7" coveredstatements="7" conditionals="0" coveredconditionals="0" methods="1" coveredmethods="1"/>
        <line num="4" count="9" type="stmt"/>
        <line num="6" count="9" type="stmt"/>
        <line num="38" count="9" type="stmt"/>
        <line num="40" count="83" type="stmt"/>
        <line num="41" count="83" type="stmt"/>
        <line num="43" count="83" type="stmt"/>
        <line num="46" count="9" type="stmt"/>
      </file>
      <file name="country.js" path="/Users/paulmairot/Documents/HEIG-VD/Semester 6/TB/TB/Code projects/ath-api-tb/models/country.js">
        <metrics statements="9" coveredstatements="9" conditionals="0" coveredconditionals="0" methods="1" coveredmethods="1"/>
        <line num="4" count="9" type="stmt"/>
        <line num="6" count="9" type="stmt"/>
        <line num="33" count="9" type="stmt"/>
        <line num="35" count="79" type="stmt"/>
        <line num="37" count="79" type="stmt"/>
        <line num="38" count="79" type="stmt"/>
        <line num="39" count="79" type="stmt"/>
        <line num="41" count="79" type="stmt"/>
        <line num="44" count="9" type="stmt"/>
      </file>
      <file name="discipline.js" path="/Users/paulmairot/Documents/HEIG-VD/Semester 6/TB/TB/Code projects/ath-api-tb/models/discipline.js">
        <metrics statements="3" coveredstatements="3" conditionals="0" coveredconditionals="0" methods="0" coveredmethods="0"/>
        <line num="7" count="9" type="stmt"/>
        <line num="9" count="9" type="stmt"/>
        <line num="28" count="9" type="stmt"/>
      </file>
      <file name="meeting.js" path="/Users/paulmairot/Documents/HEIG-VD/Semester 6/TB/TB/Code projects/ath-api-tb/models/meeting.js">
        <metrics statements="8" coveredstatements="8" conditionals="0" coveredconditionals="0" methods="2" coveredmethods="2"/>
        <line num="4" count="9" type="stmt"/>
        <line num="6" count="9" type="stmt"/>
        <line num="46" count="9" type="stmt"/>
        <line num="48" count="58" type="stmt"/>
        <line num="49" count="116" type="stmt"/>
        <line num="53" count="58" type="stmt"/>
        <line num="55" count="58" type="stmt"/>
        <line num="59" count="9" type="stmt"/>
      </file>
      <file name="performance.js" path="/Users/paulmairot/Documents/HEIG-VD/Semester 6/TB/TB/Code projects/ath-api-tb/models/performance.js">
        <metrics statements="10" coveredstatements="10" conditionals="6" coveredconditionals="4" methods="1" coveredmethods="1"/>
        <line num="7" count="9" type="stmt"/>
        <line num="9" count="9" type="stmt"/>
        <line num="58" count="9" type="stmt"/>
        <line num="61" count="9" type="stmt"/>
        <line num="62" count="9" type="cond" truecount="1" falsecount="1"/>
        <line num="63" count="9" type="stmt"/>
        <line num="65" count="9" type="cond" truecount="3" falsecount="1"/>
        <line num="66" count="9" type="stmt"/>
        <line num="69" count="9" type="stmt"/>
        <line num="72" count="9" type="stmt"/>
      </file>
      <file name="position.js" path="/Users/paulmairot/Documents/HEIG-VD/Semester 6/TB/TB/Code projects/ath-api-tb/models/position.js">
        <metrics statements="3" coveredstatements="3" conditionals="0" coveredconditionals="0" methods="0" coveredmethods="0"/>
        <line num="5" count="9" type="stmt"/>
        <line num="7" count="9" type="stmt"/>
        <line num="50" count="9" type="stmt"/>
      </file>
      <file name="pressure.js" path="/Users/paulmairot/Documents/HEIG-VD/Semester 6/TB/TB/Code projects/ath-api-tb/models/pressure.js">
        <metrics statements="3" coveredstatements="3" conditionals="0" coveredconditionals="0" methods="0" coveredmethods="0"/>
        <line num="4" count="9" type="stmt"/>
        <line num="6" count="9" type="stmt"/>
        <line num="31" count="9" type="stmt"/>
      </file>
      <file name="race.js" path="/Users/paulmairot/Documents/HEIG-VD/Semester 6/TB/TB/Code projects/ath-api-tb/models/race.js">
        <metrics statements="3" coveredstatements="3" conditionals="0" coveredconditionals="0" methods="0" coveredmethods="0"/>
        <line num="4" count="9" type="stmt"/>
        <line num="6" count="9" type="stmt"/>
        <line num="52" count="9" type="stmt"/>
      </file>
      <file name="record.js" path="/Users/paulmairot/Documents/HEIG-VD/Semester 6/TB/TB/Code projects/ath-api-tb/models/record.js">
        <metrics statements="4" coveredstatements="4" conditionals="2" coveredconditionals="1" methods="1" coveredmethods="1"/>
        <line num="4" count="9" type="stmt"/>
        <line num="6" count="9" type="stmt"/>
        <line num="25" count="14" type="cond" truecount="1" falsecount="1"/>
        <line num="43" count="9" type="stmt"/>
      </file>
    </package>
    <package name="ath-api-tb.routes">
      <metrics statements="302" coveredstatements="232" conditionals="108" coveredconditionals="76" methods="138" coveredmethods="91"/>
      <file name="athlete.js" path="/Users/paulmairot/Documents/HEIG-VD/Semester 6/TB/TB/Code projects/ath-api-tb/routes/athlete.js">
        <metrics statements="32" coveredstatements="25" conditionals="12" coveredconditionals="10" methods="15" coveredmethods="10"/>
        <line num="4" count="9" type="stmt"/>
        <line num="51" count="9" type="stmt"/>
        <line num="52" count="3" type="stmt"/>
        <line num="54" count="3" type="cond" truecount="2" falsecount="0"/>
        <line num="55" count="3" type="cond" truecount="2" falsecount="0"/>
        <line num="56" count="3" type="cond" truecount="2" falsecount="0"/>
        <line num="58" count="3" type="stmt"/>
        <line num="59" count="3" type="cond" truecount="2" falsecount="0"/>
        <line num="60" count="1" type="stmt"/>
        <line num="62" count="2" type="stmt"/>
        <line num="65" count="0" type="stmt"/>
        <line num="99" count="9" type="stmt"/>
        <line num="100" count="0" type="stmt"/>
        <line num="101" count="0" type="cond" truecount="0" falsecount="2"/>
        <line num="102" count="0" type="stmt"/>
        <line num="104" count="0" type="stmt"/>
        <line num="107" count="0" type="stmt"/>
        <line num="146" count="9" type="stmt"/>
        <line num="147" count="3" type="stmt"/>
        <line num="149" count="3" type="stmt"/>
        <line num="150" count="1" type="stmt"/>
        <line num="152" count="2" type="stmt"/>
        <line num="197" count="9" type="stmt"/>
        <line num="198" count="2" type="stmt"/>
        <line num="199" count="1" type="stmt"/>
        <line num="201" count="1" type="stmt"/>
        <line num="221" count="9" type="stmt"/>
        <line num="222" count="2" type="stmt"/>
        <line num="223" count="2" type="cond" truecount="2" falsecount="0"/>
        <line num="224" count="1" type="stmt"/>
        <line num="226" count="1" type="stmt"/>
        <line num="229" count="0" type="stmt"/>
      </file>
      <file name="country.js" path="/Users/paulmairot/Documents/HEIG-VD/Semester 6/TB/TB/Code projects/ath-api-tb/routes/country.js">
        <metrics statements="33" coveredstatements="26" conditionals="14" coveredconditionals="12" methods="15" coveredmethods="10"/>
        <line num="4" count="9" type="stmt"/>
        <line num="47" count="9" type="stmt"/>
        <line num="48" count="3" type="stmt"/>
        <line num="50" count="3" type="cond" truecount="2" falsecount="0"/>
        <line num="51" count="3" type="cond" truecount="2" falsecount="0"/>
        <line num="52" count="3" type="cond" truecount="2" falsecount="0"/>
        <line num="53" count="3" type="cond" truecount="2" falsecount="0"/>
        <line num="55" count="3" type="stmt"/>
        <line num="56" count="3" type="cond" truecount="2" falsecount="0"/>
        <line num="57" count="1" type="stmt"/>
        <line num="59" count="2" type="stmt"/>
        <line num="62" count="0" type="stmt"/>
        <line num="91" count="9" type="stmt"/>
        <line num="92" count="0" type="stmt"/>
        <line num="93" count="0" type="cond" truecount="0" falsecount="2"/>
        <line num="94" count="0" type="stmt"/>
        <line num="96" count="0" type="stmt"/>
        <line num="99" count="0" type="stmt"/>
        <line num="131" count="9" type="stmt"/>
        <line num="132" count="3" type="stmt"/>
        <line num="134" count="3" type="stmt"/>
        <line num="135" count="1" type="stmt"/>
        <line num="137" count="2" type="stmt"/>
        <line num="176" count="9" type="stmt"/>
        <line num="177" count="2" type="stmt"/>
        <line num="178" count="1" type="stmt"/>
        <line num="180" count="1" type="stmt"/>
        <line num="199" count="9" type="stmt"/>
        <line num="200" count="2" type="stmt"/>
        <line num="201" count="2" type="cond" truecount="2" falsecount="0"/>
        <line num="202" count="1" type="stmt"/>
        <line num="204" count="1" type="stmt"/>
        <line num="207" count="0" type="stmt"/>
      </file>
      <file name="discipline.js" path="/Users/paulmairot/Documents/HEIG-VD/Semester 6/TB/TB/Code projects/ath-api-tb/routes/discipline.js">
        <metrics statements="30" coveredstatements="23" conditionals="6" coveredconditionals="4" methods="15" coveredmethods="10"/>
        <line num="4" count="9" type="stmt"/>
        <line num="45" count="9" type="stmt"/>
        <line num="46" count="4" type="stmt"/>
        <line num="47" count="4" type="stmt"/>
        <line num="49" count="4" type="stmt"/>
        <line num="50" count="4" type="cond" truecount="2" falsecount="0"/>
        <line num="51" count="1" type="stmt"/>
        <line num="53" count="3" type="stmt"/>
        <line num="56" count="0" type="stmt"/>
        <line num="84" count="9" type="stmt"/>
        <line num="85" count="0" type="stmt"/>
        <line num="86" count="0" type="cond" truecount="0" falsecount="2"/>
        <line num="87" count="0" type="stmt"/>
        <line num="89" count="0" type="stmt"/>
        <line num="92" count="0" type="stmt"/>
        <line num="122" count="9" type="stmt"/>
        <line num="123" count="3" type="stmt"/>
        <line num="125" count="3" type="stmt"/>
        <line num="126" count="1" type="stmt"/>
        <line num="128" count="2" type="stmt"/>
        <line num="163" count="9" type="stmt"/>
        <line num="164" count="2" type="stmt"/>
        <line num="165" count="1" type="stmt"/>
        <line num="167" count="1" type="stmt"/>
        <line num="186" count="9" type="stmt"/>
        <line num="187" count="2" type="stmt"/>
        <line num="188" count="2" type="cond" truecount="2" falsecount="0"/>
        <line num="189" count="1" type="stmt"/>
        <line num="191" count="1" type="stmt"/>
        <line num="194" count="0" type="stmt"/>
      </file>
      <file name="index.js" path="/Users/paulmairot/Documents/HEIG-VD/Semester 6/TB/TB/Code projects/ath-api-tb/routes/index.js">
        <metrics statements="3" coveredstatements="2" conditionals="0" coveredconditionals="0" methods="1" coveredmethods="0"/>
        <line num="2" count="9" type="stmt"/>
        <line num="4" count="9" type="stmt"/>
        <line num="5" count="0" type="stmt"/>
      </file>
      <file name="meeting.js" path="/Users/paulmairot/Documents/HEIG-VD/Semester 6/TB/TB/Code projects/ath-api-tb/routes/meeting.js">
        <metrics statements="38" coveredstatements="31" conditionals="20" coveredconditionals="13" methods="16" coveredmethods="11"/>
        <line num="4" count="9" type="stmt"/>
        <line num="55" count="9" type="stmt"/>
        <line num="56" count="4" type="stmt"/>
        <line num="57" count="4" type="stmt"/>
        <line num="58" count="4" type="stmt"/>
        <line num="59" count="4" type="stmt"/>
        <line num="61" count="4" type="cond" truecount="2" falsecount="0"/>
        <line num="62" count="2" type="stmt"/>
        <line num="63" count="4" type="stmt"/>
        <line num="67" count="4" type="cond" truecount="2" falsecount="0"/>
        <line num="69" count="4" type="cond" truecount="1" falsecount="1"/>
        <line num="70" count="4" type="cond" truecount="1" falsecount="1"/>
        <line num="72" count="4" type="stmt"/>
        <line num="80" count="4" type="cond" truecount="2" falsecount="0"/>
        <line num="81" count="1" type="stmt"/>
        <line num="83" count="3" type="stmt"/>
        <line num="86" count="0" type="stmt"/>
        <line num="122" count="9" type="stmt"/>
        <line num="123" count="0" type="stmt"/>
        <line num="124" count="0" type="cond" truecount="0" falsecount="2"/>
        <line num="125" count="0" type="stmt"/>
        <line num="127" count="0" type="stmt"/>
        <line num="130" count="0" type="stmt"/>
        <line num="171" count="9" type="stmt"/>
        <line num="172" count="3" type="stmt"/>
        <line num="174" count="3" type="stmt"/>
        <line num="175" count="1" type="stmt"/>
        <line num="177" count="2" type="stmt"/>
        <line num="225" count="9" type="stmt"/>
        <line num="226" count="2" type="stmt"/>
        <line num="227" count="1" type="stmt"/>
        <line num="229" count="1" type="stmt"/>
        <line num="249" count="9" type="stmt"/>
        <line num="250" count="2" type="stmt"/>
        <line num="251" count="2" type="cond" truecount="2" falsecount="0"/>
        <line num="252" count="1" type="stmt"/>
        <line num="254" count="1" type="stmt"/>
        <line num="257" count="0" type="stmt"/>
      </file>
      <file name="performance.js" path="/Users/paulmairot/Documents/HEIG-VD/Semester 6/TB/TB/Code projects/ath-api-tb/routes/performance.js">
        <metrics statements="45" coveredstatements="30" conditionals="24" coveredconditionals="14" methods="18" coveredmethods="10"/>
        <line num="10" count="9" type="stmt"/>
        <line num="11" count="0" type="stmt"/>
        <line num="12" count="0" type="stmt"/>
        <line num="15" count="9" type="stmt"/>
        <line num="55" count="9" type="stmt"/>
        <line num="57" count="3" type="stmt"/>
        <line num="58" count="3" type="stmt"/>
        <line num="59" count="3" type="stmt"/>
        <line num="61" count="3" type="stmt"/>
        <line num="73" count="3" type="cond" truecount="2" falsecount="0"/>
        <line num="74" count="1" type="stmt"/>
        <line num="76" count="2" type="stmt"/>
        <line num="79" count="0" type="stmt"/>
        <line num="117" count="9" type="stmt"/>
        <line num="118" count="0" type="stmt"/>
        <line num="125" count="0" type="cond" truecount="0" falsecount="2"/>
        <line num="126" count="0" type="stmt"/>
        <line num="128" count="0" type="stmt"/>
        <line num="131" count="0" type="stmt"/>
        <line num="173" count="9" type="stmt"/>
        <line num="176" count="3" type="cond" truecount="3" falsecount="2"/>
        <line num="177" count="0" type="stmt"/>
        <line num="178" count="0" type="cond" truecount="0" falsecount="2"/>
        <line num="179" count="0" type="stmt"/>
        <line num="186" count="3" type="cond" truecount="3" falsecount="2"/>
        <line num="187" count="0" type="stmt"/>
        <line num="188" count="0" type="cond" truecount="0" falsecount="2"/>
        <line num="189" count="0" type="stmt"/>
        <line num="195" count="3" type="stmt"/>
        <line num="197" count="3" type="stmt"/>
        <line num="199" count="1" type="stmt"/>
        <line num="204" count="1" type="stmt"/>
        <line num="206" count="1" type="stmt"/>
        <line num="208" count="2" type="stmt"/>
        <line num="257" count="9" type="stmt"/>
        <line num="258" count="2" type="stmt"/>
        <line num="261" count="1" type="stmt"/>
        <line num="263" count="1" type="stmt"/>
        <line num="266" count="1" type="stmt"/>
        <line num="286" count="9" type="stmt"/>
        <line num="287" count="3" type="stmt"/>
        <line num="288" count="3" type="cond" truecount="2" falsecount="0"/>
        <line num="289" count="1" type="stmt"/>
        <line num="291" count="2" type="stmt"/>
        <line num="294" count="0" type="stmt"/>
      </file>
      <file name="position.js" path="/Users/paulmairot/Documents/HEIG-VD/Semester 6/TB/TB/Code projects/ath-api-tb/routes/position.js">
        <metrics statements="24" coveredstatements="22" conditionals="6" coveredconditionals="6" methods="12" coveredmethods="10"/>
        <line num="4" count="9" type="stmt"/>
        <line num="43" count="9" type="stmt"/>
        <line num="44" count="3" type="stmt"/>
        <line num="45" count="3" type="stmt"/>
        <line num="47" count="3" type="stmt"/>
        <line num="53" count="3" type="cond" truecount="2" falsecount="0"/>
        <line num="54" count="1" type="stmt"/>
        <line num="56" count="2" type="stmt"/>
        <line num="59" count="0" type="stmt"/>
        <line num="101" count="9" type="stmt"/>
        <line num="102" count="3" type="stmt"/>
        <line num="104" count="3" type="stmt"/>
        <line num="105" count="1" type="stmt"/>
        <line num="107" count="2" type="stmt"/>
        <line num="156" count="9" type="stmt"/>
        <line num="157" count="2" type="stmt"/>
        <line num="158" count="1" type="stmt"/>
        <line num="160" count="1" type="stmt"/>
        <line num="179" count="9" type="stmt"/>
        <line num="180" count="2" type="stmt"/>
        <line num="181" count="2" type="cond" truecount="2" falsecount="0"/>
        <line num="182" count="1" type="stmt"/>
        <line num="184" count="1" type="stmt"/>
        <line num="187" count="0" type="stmt"/>
      </file>
      <file name="pressure.js" path="/Users/paulmairot/Documents/HEIG-VD/Semester 6/TB/TB/Code projects/ath-api-tb/routes/pressure.js">
        <metrics statements="29" coveredstatements="22" conditionals="6" coveredconditionals="4" methods="15" coveredmethods="10"/>
        <line num="4" count="9" type="stmt"/>
        <line num="37" count="9" type="stmt"/>
        <line num="38" count="3" type="stmt"/>
        <line num="40" count="3" type="stmt"/>
        <line num="41" count="3" type="cond" truecount="2" falsecount="0"/>
        <line num="42" count="1" type="stmt"/>
        <line num="44" count="2" type="stmt"/>
        <line num="47" count="0" type="stmt"/>
        <line num="76" count="9" type="stmt"/>
        <line num="77" count="0" type="stmt"/>
        <line num="78" count="0" type="cond" truecount="0" falsecount="2"/>
        <line num="79" count="0" type="stmt"/>
        <line num="81" count="0" type="stmt"/>
        <line num="84" count="0" type="stmt"/>
        <line num="115" count="9" type="stmt"/>
        <line num="116" count="3" type="stmt"/>
        <line num="118" count="3" type="stmt"/>
        <line num="119" count="1" type="stmt"/>
        <line num="121" count="2" type="stmt"/>
        <line num="158" count="9" type="stmt"/>
        <line num="159" count="2" type="stmt"/>
        <line num="160" count="1" type="stmt"/>
        <line num="162" count="1" type="stmt"/>
        <line num="182" count="9" type="stmt"/>
        <line num="183" count="2" type="stmt"/>
        <line num="184" count="2" type="cond" truecount="2" falsecount="0"/>
        <line num="185" count="1" type="stmt"/>
        <line num="187" count="1" type="stmt"/>
        <line num="190" count="0" type="stmt"/>
      </file>
      <file name="race.js" path="/Users/paulmairot/Documents/HEIG-VD/Semester 6/TB/TB/Code projects/ath-api-tb/routes/race.js">
        <metrics statements="33" coveredstatements="26" conditionals="12" coveredconditionals="9" methods="15" coveredmethods="10"/>
        <line num="5" count="9" type="stmt"/>
        <line num="48" count="9" type="stmt"/>
        <line num="49" count="3" type="stmt"/>
        <line num="50" count="3" type="stmt"/>
        <line num="52" count="3" type="cond" truecount="2" falsecount="0"/>
        <line num="53" count="3" type="cond" truecount="2" falsecount="0"/>
        <line num="55" count="3" type="stmt"/>
        <line num="62" count="3" type="cond" truecount="2" falsecount="0"/>
        <line num="63" count="1" type="stmt"/>
        <line num="65" count="2" type="stmt"/>
        <line num="68" count="0" type="stmt"/>
        <line num="110" count="9" type="stmt"/>
        <line num="111" count="0" type="stmt"/>
        <line num="114" count="0" type="cond" truecount="0" falsecount="2"/>
        <line num="115" count="0" type="stmt"/>
        <line num="117" count="0" type="stmt"/>
        <line num="120" count="0" type="stmt"/>
        <line num="170" count="9" type="stmt"/>
        <line num="171" count="3" type="stmt"/>
        <line num="173" count="3" type="stmt"/>
        <line num="175" count="1" type="stmt"/>
        <line num="179" count="1" type="stmt"/>
        <line num="181" count="2" type="stmt"/>
        <line num="236" count="9" type="stmt"/>
        <line num="237" count="2" type="stmt"/>
        <line num="238" count="1" type="stmt"/>
        <line num="240" count="1" type="stmt"/>
        <line num="259" count="9" type="stmt"/>
        <line num="260" count="2" type="stmt"/>
        <line num="261" count="2" type="cond" truecount="2" falsecount="0"/>
        <line num="262" count="1" type="stmt"/>
        <line num="264" count="1" type="stmt"/>
        <line num="267" count="0" type="stmt"/>
      </file>
      <file name="record.js" path="/Users/paulmairot/Documents/HEIG-VD/Semester 6/TB/TB/Code projects/ath-api-tb/routes/record.js">
        <metrics statements="32" coveredstatements="23" conditionals="8" coveredconditionals="4" methods="15" coveredmethods="10"/>
        <line num="4" count="9" type="stmt"/>
        <line num="52" count="9" type="stmt"/>
        <line num="53" count="4" type="stmt"/>
        <line num="54" count="4" type="stmt"/>
        <line num="56" count="4" type="stmt"/>
        <line num="59" count="4" type="cond" truecount="2" falsecount="0"/>
        <line num="60" count="1" type="stmt"/>
        <line num="62" count="3" type="stmt"/>
        <line num="65" count="0" type="stmt"/>
        <line num="97" count="9" type="stmt"/>
        <line num="98" count="0" type="stmt"/>
        <line num="99" count="0" type="cond" truecount="0" falsecount="2"/>
        <line num="100" count="0" type="stmt"/>
        <line num="102" count="0" type="stmt"/>
        <line num="105" count="0" type="stmt"/>
        <line num="142" count="9" type="stmt"/>
        <line num="143" count="3" type="stmt"/>
        <line num="145" count="3" type="stmt"/>
        <line num="146" count="1" type="stmt"/>
        <line num="148" count="2" type="stmt"/>
        <line num="191" count="9" type="stmt"/>
        <line num="192" count="2" type="stmt"/>
        <line num="193" count="1" type="cond" truecount="1" falsecount="1"/>
        <line num="194" count="0" type="stmt"/>
        <line num="196" count="1" type="stmt"/>
        <line num="199" count="1" type="stmt"/>
        <line num="218" count="9" type="stmt"/>
        <line num="219" count="1" type="stmt"/>
        <line num="220" count="1" type="cond" truecount="1" falsecount="1"/>
        <line num="221" count="1" type="stmt"/>
        <line num="223" count="0" type="stmt"/>
        <line num="226" count="0" type="stmt"/>
      </file>
      <file name="users.js" path="/Users/paulmairot/Documents/HEIG-VD/Semester 6/TB/TB/Code projects/ath-api-tb/routes/users.js">
        <metrics statements="3" coveredstatements="2" conditionals="0" coveredconditionals="0" methods="1" coveredmethods="0"/>
        <line num="2" count="9" type="stmt"/>
        <line num="4" count="9" type="stmt"/>
        <line num="5" count="0" type="stmt"/>
      </file>
    </package>
    <package name="ath-api-tb.spec">
      <metrics statements="35" coveredstatements="15" conditionals="18" coveredconditionals="3" methods="8" coveredmethods="6"/>
      <file name="utils.js" path="/Users/paulmairot/Documents/HEIG-VD/Semester 6/TB/TB/Code projects/ath-api-tb/spec/utils.js">
        <metrics statements="35" coveredstatements="15" conditionals="18" coveredconditionals="3" methods="8" coveredmethods="6"/>
        <line num="15" count="201" type="stmt"/>
        <line num="16" count="201" type="stmt"/>
        <line num="17" count="201" type="stmt"/>
        <line num="18" count="201" type="stmt"/>
        <line num="23" count="85" type="stmt"/>
        <line num="24" count="85" type="stmt"/>
        <line num="29" count="48" type="cond" truecount="2" falsecount="0"/>
        <line num="30" count="38" type="stmt"/>
        <line num="31" count="38" type="stmt"/>
        <line num="34" count="10" type="stmt"/>
        <line num="39" count="5" type="stmt"/>
        <line num="41" count="5" type="stmt"/>
        <line num="45" count="2" type="cond" truecount="1" falsecount="1"/>
        <line num="47" count="2" type="stmt"/>
        <line num="49" count="0" type="stmt"/>
        <line num="51" count="0" type="cond" truecount="0" falsecount="10"/>
        <line num="59" count="0" type="stmt"/>
        <line num="60" count="0" type="stmt"/>
        <line num="61" count="0" type="stmt"/>
        <line num="64" count="0" type="stmt"/>
        <line num="65" count="0" type="stmt"/>
        <line num="66" count="0" type="stmt"/>
        <line num="69" count="0" type="stmt"/>
        <line num="70" count="0" type="stmt"/>
        <line num="71" count="0" type="stmt"/>
        <line num="74" count="0" type="stmt"/>
        <line num="81" count="0" type="stmt"/>
        <line num="82" count="0" type="stmt"/>
        <line num="83" count="0" type="stmt"/>
        <line num="85" count="0" type="cond" truecount="0" falsecount="2"/>
        <line num="87" count="0" type="stmt"/>
        <line num="88" count="0" type="stmt"/>
        <line num="91" count="0" type="cond" truecount="0" falsecount="2"/>
        <line num="93" count="0" type="stmt"/>
        <line num="100" count="102" type="stmt"/>
      </file>
    </package>
  </project>
</coverage>
