{"/Users/paulmairot/Documents/HEIG-VD/Semester 6/TB/TB/Code projects/ath-api-tb/app.js": {"path":"/Users/paulmairot/Documents/HEIG-VD/Semester 6/TB/TB/Code projects/ath-api-tb/app.js","statementMap":{"0":{"start":{"line":21,"column":0},"end":{"line":21,"column":27}},"1":{"start":{"line":22,"column":0},"end":{"line":22,"column":37}},"2":{"start":{"line":24,"column":12},"end":{"line":24,"column":21}},"3":{"start":{"line":26,"column":0},"end":{"line":26,"column":23}},"4":{"start":{"line":27,"column":0},"end":{"line":27,"column":24}},"5":{"start":{"line":28,"column":0},"end":{"line":28,"column":49}},"6":{"start":{"line":30,"column":0},"end":{"line":30,"column":26}},"7":{"start":{"line":31,"column":0},"end":{"line":31,"column":31}},"8":{"start":{"line":33,"column":0},"end":{"line":33,"column":42}},"9":{"start":{"line":34,"column":0},"end":{"line":34,"column":37}},"10":{"start":{"line":35,"column":0},"end":{"line":35,"column":36}},"11":{"start":{"line":36,"column":0},"end":{"line":36,"column":36}},"12":{"start":{"line":37,"column":0},"end":{"line":37,"column":30}},"13":{"start":{"line":38,"column":0},"end":{"line":38,"column":38}},"14":{"start":{"line":39,"column":0},"end":{"line":39,"column":38}},"15":{"start":{"line":40,"column":0},"end":{"line":40,"column":44}},"16":{"start":{"line":41,"column":0},"end":{"line":41,"column":34}},"17":{"start":{"line":44,"column":0},"end":{"line":44,"column":43}},"18":{"start":{"line":47,"column":0},"end":{"line":49,"column":3}},"19":{"start":{"line":48,"column":2},"end":{"line":48,"column":25}},"20":{"start":{"line":52,"column":0},"end":{"line":60,"column":3}},"21":{"start":{"line":54,"column":2},"end":{"line":54,"column":35}},"22":{"start":{"line":55,"column":2},"end":{"line":55,"column":69}},"23":{"start":{"line":58,"column":2},"end":{"line":58,"column":32}},"24":{"start":{"line":59,"column":2},"end":{"line":59,"column":24}}},"fnMap":{"0":{"name":"(anonymous_0)","decl":{"start":{"line":47,"column":8},"end":{"line":47,"column":9}},"loc":{"start":{"line":47,"column":34},"end":{"line":49,"column":1}},"line":47},"1":{"name":"(anonymous_1)","decl":{"start":{"line":52,"column":8},"end":{"line":52,"column":9}},"loc":{"start":{"line":52,"column":39},"end":{"line":60,"column":1}},"line":52}},"branchMap":{"0":{"loc":{"start":{"line":55,"column":21},"end":{"line":55,"column":68}},"type":"cond-expr","locations":[{"start":{"line":55,"column":60},"end":{"line":55,"column":63}},{"start":{"line":55,"column":66},"end":{"line":55,"column":68}}],"line":55},"1":{"loc":{"start":{"line":58,"column":13},"end":{"line":58,"column":30}},"type":"binary-expr","locations":[{"start":{"line":58,"column":13},"end":{"line":58,"column":23}},{"start":{"line":58,"column":27},"end":{"line":58,"column":30}}],"line":58}},"s":{"0":9,"1":9,"2":9,"3":9,"4":9,"5":9,"6":9,"7":9,"8":9,"9":9,"10":9,"11":9,"12":9,"13":9,"14":9,"15":9,"16":9,"17":9,"18":9,"19":0,"20":9,"21":0,"22":0,"23":0,"24":0},"f":{"0":0,"1":0},"b":{"0":[0,0],"1":[0,0]},"_coverageSchema":"1a1c01bbd47fc00a2c39e90264f33305004495a9","hash":"f42415edddfddacfb1b8907b4c75f1c6f63b062f"}
,"/Users/paulmairot/Documents/HEIG-VD/Semester 6/TB/TB/Code projects/ath-api-tb/config.js": {"path":"/Users/paulmairot/Documents/HEIG-VD/Semester 6/TB/TB/Code projects/ath-api-tb/config.js","statementMap":{"0":{"start":{"line":1,"column":0},"end":{"line":6,"column":3}},"1":{"start":{"line":2,"column":19},"end":{"line":2,"column":41}},"2":{"start":{"line":3,"column":4},"end":{"line":3,"column":20}},"3":{"start":{"line":8,"column":29},"end":{"line":8,"column":90}},"4":{"start":{"line":9,"column":22},"end":{"line":9,"column":48}},"5":{"start":{"line":12,"column":2},"end":{"line":19,"column":3}},"6":{"start":{"line":13,"column":23},"end":{"line":13,"column":53}},"7":{"start":{"line":14,"column":4},"end":{"line":18,"column":5}},"8":{"start":{"line":15,"column":6},"end":{"line":15,"column":71}},"9":{"start":{"line":16,"column":11},"end":{"line":18,"column":5}},"10":{"start":{"line":17,"column":6},"end":{"line":17,"column":90}}},"fnMap":{},"branchMap":{"0":{"loc":{"start":{"line":8,"column":29},"end":{"line":8,"column":90}},"type":"binary-expr","locations":[{"start":{"line":8,"column":29},"end":{"line":8,"column":53}},{"start":{"line":8,"column":57},"end":{"line":8,"column":90}}],"line":8},"1":{"loc":{"start":{"line":9,"column":22},"end":{"line":9,"column":48}},"type":"binary-expr","locations":[{"start":{"line":9,"column":22},"end":{"line":9,"column":38}},{"start":{"line":9,"column":42},"end":{"line":9,"column":48}}],"line":9},"2":{"loc":{"start":{"line":12,"column":2},"end":{"line":19,"column":3}},"type":"if","locations":[{"start":{"line":12,"column":2},"end":{"line":19,"column":3}},{"start":{},"end":{}}],"line":12},"3":{"loc":{"start":{"line":14,"column":4},"end":{"line":18,"column":5}},"type":"if","locations":[{"start":{"line":14,"column":4},"end":{"line":18,"column":5}},{"start":{"line":16,"column":11},"end":{"line":18,"column":5}}],"line":14},"4":{"loc":{"start":{"line":16,"column":11},"end":{"line":18,"column":5}},"type":"if","locations":[{"start":{"line":16,"column":11},"end":{"line":18,"column":5}},{"start":{},"end":{}}],"line":16},"5":{"loc":{"start":{"line":16,"column":15},"end":{"line":16,"column":51}},"type":"binary-expr","locations":[{"start":{"line":16,"column":15},"end":{"line":16,"column":29}},{"start":{"line":16,"column":33},"end":{"line":16,"column":51}}],"line":16}},"s":{"0":9,"1":9,"2":9,"3":9,"4":9,"5":9,"6":9,"7":9,"8":0,"9":9,"10":0},"f":{},"b":{"0":[9,0],"1":[9,0],"2":[9,0],"3":[0,9],"4":[0,9],"5":[9,9]},"_coverageSchema":"1a1c01bbd47fc00a2c39e90264f33305004495a9","hash":"6751a2ef10d57695b1cada7f22c13c213edde477"}
,"/Users/paulmairot/Documents/HEIG-VD/Semester 6/TB/TB/Code projects/ath-api-tb/models/athlete.js": {"path":"/Users/paulmairot/Documents/HEIG-VD/Semester 6/TB/TB/Code projects/ath-api-tb/models/athlete.js","statementMap":{"0":{"start":{"line":4,"column":15},"end":{"line":4,"column":30}},"1":{"start":{"line":6,"column":22},"end":{"line":36,"column":2}},"2":{"start":{"line":38,"column":0},"end":{"line":44,"column":3}},"3":{"start":{"line":40,"column":4},"end":{"line":40,"column":97}},"4":{"start":{"line":41,"column":4},"end":{"line":41,"column":100}},"5":{"start":{"line":43,"column":4},"end":{"line":43,"column":11}},"6":{"start":{"line":46,"column":0},"end":{"line":49,"column":3}}},"fnMap":{"0":{"name":"(anonymous_0)","decl":{"start":{"line":38,"column":26},"end":{"line":38,"column":27}},"loc":{"start":{"line":38,"column":42},"end":{"line":44,"column":1}},"line":38}},"branchMap":{},"s":{"0":9,"1":9,"2":9,"3":83,"4":83,"5":83,"6":9},"f":{"0":83},"b":{},"_coverageSchema":"1a1c01bbd47fc00a2c39e90264f33305004495a9","hash":"fe11c5f4929766f31fc1775ec9ffcadebc82fe8e"}
,"/Users/paulmairot/Documents/HEIG-VD/Semester 6/TB/TB/Code projects/ath-api-tb/models/country.js": {"path":"/Users/paulmairot/Documents/HEIG-VD/Semester 6/TB/TB/Code projects/ath-api-tb/models/country.js","statementMap":{"0":{"start":{"line":4,"column":15},"end":{"line":4,"column":30}},"1":{"start":{"line":6,"column":22},"end":{"line":31,"column":2}},"2":{"start":{"line":33,"column":0},"end":{"line":42,"column":3}},"3":{"start":{"line":35,"column":4},"end":{"line":35,"column":85}},"4":{"start":{"line":37,"column":4},"end":{"line":37,"column":44}},"5":{"start":{"line":38,"column":4},"end":{"line":38,"column":44}},"6":{"start":{"line":39,"column":4},"end":{"line":39,"column":38}},"7":{"start":{"line":41,"column":4},"end":{"line":41,"column":11}},"8":{"start":{"line":44,"column":0},"end":{"line":46,"column":3}}},"fnMap":{"0":{"name":"(anonymous_0)","decl":{"start":{"line":33,"column":26},"end":{"line":33,"column":27}},"loc":{"start":{"line":33,"column":42},"end":{"line":42,"column":1}},"line":33}},"branchMap":{},"s":{"0":9,"1":9,"2":9,"3":79,"4":79,"5":79,"6":79,"7":79,"8":9},"f":{"0":79},"b":{},"_coverageSchema":"1a1c01bbd47fc00a2c39e90264f33305004495a9","hash":"ebe5802586fe6f59879707525ec2b0934fe3189f"}
,"/Users/paulmairot/Documents/HEIG-VD/Semester 6/TB/TB/Code projects/ath-api-tb/models/discipline.js": {"path":"/Users/paulmairot/Documents/HEIG-VD/Semester 6/TB/TB/Code projects/ath-api-tb/models/discipline.js","statementMap":{"0":{"start":{"line":7,"column":15},"end":{"line":7,"column":30}},"1":{"start":{"line":9,"column":25},"end":{"line":26,"column":2}},"2":{"start":{"line":28,"column":0},"end":{"line":30,"column":3}}},"fnMap":{},"branchMap":{},"s":{"0":9,"1":9,"2":9},"f":{},"b":{},"_coverageSchema":"1a1c01bbd47fc00a2c39e90264f33305004495a9","hash":"330530527e6ea8b36292b55acadec980fd38fceb"}
,"/Users/paulmairot/Documents/HEIG-VD/Semester 6/TB/TB/Code projects/ath-api-tb/models/meeting.js": {"path":"/Users/paulmairot/Documents/HEIG-VD/Semester 6/TB/TB/Code projects/ath-api-tb/models/meeting.js","statementMap":{"0":{"start":{"line":4,"column":15},"end":{"line":4,"column":30}},"1":{"start":{"line":6,"column":22},"end":{"line":44,"column":2}},"2":{"start":{"line":46,"column":0},"end":{"line":56,"column":3}},"3":{"start":{"line":48,"column":4},"end":{"line":50,"column":17}},"4":{"start":{"line":49,"column":8},"end":{"line":49,"column":57}},"5":{"start":{"line":53,"column":4},"end":{"line":53,"column":85}},"6":{"start":{"line":55,"column":4},"end":{"line":55,"column":11}},"7":{"start":{"line":59,"column":0},"end":{"line":62,"column":3}}},"fnMap":{"0":{"name":"(anonymous_0)","decl":{"start":{"line":46,"column":26},"end":{"line":46,"column":27}},"loc":{"start":{"line":46,"column":42},"end":{"line":56,"column":1}},"line":46},"1":{"name":"(anonymous_1)","decl":{"start":{"line":48,"column":41},"end":{"line":48,"column":42}},"loc":{"start":{"line":48,"column":51},"end":{"line":50,"column":5}},"line":48}},"branchMap":{},"s":{"0":9,"1":9,"2":9,"3":58,"4":116,"5":58,"6":58,"7":9},"f":{"0":58,"1":116},"b":{},"_coverageSchema":"1a1c01bbd47fc00a2c39e90264f33305004495a9","hash":"947bf957ec4f51134b5d1615e5f178885a70b9e9"}
,"/Users/paulmairot/Documents/HEIG-VD/Semester 6/TB/TB/Code projects/ath-api-tb/models/performance.js": {"path":"/Users/paulmairot/Documents/HEIG-VD/Semester 6/TB/TB/Code projects/ath-api-tb/models/performance.js","statementMap":{"0":{"start":{"line":7,"column":15},"end":{"line":7,"column":30}},"1":{"start":{"line":9,"column":26},"end":{"line":54,"column":2}},"2":{"start":{"line":58,"column":15},"end":{"line":58,"column":82}},"3":{"start":{"line":61,"column":23},"end":{"line":61,"column":37}},"4":{"start":{"line":62,"column":4},"end":{"line":64,"column":5}},"5":{"start":{"line":63,"column":8},"end":{"line":63,"column":35}},"6":{"start":{"line":65,"column":4},"end":{"line":67,"column":5}},"7":{"start":{"line":66,"column":8},"end":{"line":66,"column":32}},"8":{"start":{"line":69,"column":4},"end":{"line":69,"column":38}},"9":{"start":{"line":72,"column":0},"end":{"line":75,"column":3}}},"fnMap":{"0":{"name":"formatResult","decl":{"start":{"line":56,"column":9},"end":{"line":56,"column":21}},"loc":{"start":{"line":56,"column":30},"end":{"line":70,"column":1}},"line":56}},"branchMap":{"0":{"loc":{"start":{"line":62,"column":4},"end":{"line":64,"column":5}},"type":"if","locations":[{"start":{"line":62,"column":4},"end":{"line":64,"column":5}},{"start":{},"end":{}}],"line":62},"1":{"loc":{"start":{"line":65,"column":4},"end":{"line":67,"column":5}},"type":"if","locations":[{"start":{"line":65,"column":4},"end":{"line":67,"column":5}},{"start":{},"end":{}}],"line":65},"2":{"loc":{"start":{"line":65,"column":8},"end":{"line":65,"column":52}},"type":"binary-expr","locations":[{"start":{"line":65,"column":8},"end":{"line":65,"column":27}},{"start":{"line":65,"column":31},"end":{"line":65,"column":52}}],"line":65}},"s":{"0":9,"1":9,"2":9,"3":9,"4":9,"5":9,"6":9,"7":9,"8":9,"9":9},"f":{"0":9},"b":{"0":[9,0],"1":[9,0],"2":[9,9]},"_coverageSchema":"1a1c01bbd47fc00a2c39e90264f33305004495a9","hash":"b8bc2883021fa1b01b353a5cbb92ab29ec9b0873"}
,"/Users/paulmairot/Documents/HEIG-VD/Semester 6/TB/TB/Code projects/ath-api-tb/models/position.js": {"path":"/Users/paulmairot/Documents/HEIG-VD/Semester 6/TB/TB/Code projects/ath-api-tb/models/position.js","statementMap":{"0":{"start":{"line":5,"column":15},"end":{"line":5,"column":30}},"1":{"start":{"line":7,"column":23},"end":{"line":48,"column":2}},"2":{"start":{"line":50,"column":0},"end":{"line":53,"column":3}}},"fnMap":{},"branchMap":{},"s":{"0":9,"1":9,"2":9},"f":{},"b":{},"_coverageSchema":"1a1c01bbd47fc00a2c39e90264f33305004495a9","hash":"16df60e25ee2955ab25feb61dc5b049e73cb6af2"}
,"/Users/paulmairot/Documents/HEIG-VD/Semester 6/TB/TB/Code projects/ath-api-tb/models/pressure.js": {"path":"/Users/paulmairot/Documents/HEIG-VD/Semester 6/TB/TB/Code projects/ath-api-tb/models/pressure.js","statementMap":{"0":{"start":{"line":4,"column":15},"end":{"line":4,"column":30}},"1":{"start":{"line":6,"column":23},"end":{"line":29,"column":2}},"2":{"start":{"line":31,"column":0},"end":{"line":33,"column":3}}},"fnMap":{},"branchMap":{},"s":{"0":9,"1":9,"2":9},"f":{},"b":{},"_coverageSchema":"1a1c01bbd47fc00a2c39e90264f33305004495a9","hash":"8433d25220d01bebae992f139d3517dceea63072"}
,"/Users/paulmairot/Documents/HEIG-VD/Semester 6/TB/TB/Code projects/ath-api-tb/models/race.js": {"path":"/Users/paulmairot/Documents/HEIG-VD/Semester 6/TB/TB/Code projects/ath-api-tb/models/race.js","statementMap":{"0":{"start":{"line":4,"column":15},"end":{"line":4,"column":30}},"1":{"start":{"line":6,"column":19},"end":{"line":50,"column":2}},"2":{"start":{"line":52,"column":0},"end":{"line":55,"column":3}}},"fnMap":{},"branchMap":{},"s":{"0":9,"1":9,"2":9},"f":{},"b":{},"_coverageSchema":"1a1c01bbd47fc00a2c39e90264f33305004495a9","hash":"898e4dbe33de1792fd609f877d9211afcb764bdf"}
,"/Users/paulmairot/Documents/HEIG-VD/Semester 6/TB/TB/Code projects/ath-api-tb/models/record.js": {"path":"/Users/paulmairot/Documents/HEIG-VD/Semester 6/TB/TB/Code projects/ath-api-tb/models/record.js","statementMap":{"0":{"start":{"line":4,"column":15},"end":{"line":4,"column":30}},"1":{"start":{"line":6,"column":21},"end":{"line":41,"column":2}},"2":{"start":{"line":25,"column":12},"end":{"line":25,"column":61}},"3":{"start":{"line":43,"column":0},"end":{"line":45,"column":3}}},"fnMap":{"0":{"name":"(anonymous_0)","decl":{"start":{"line":24,"column":18},"end":{"line":24,"column":19}},"loc":{"start":{"line":24,"column":28},"end":{"line":26,"column":9}},"line":24}},"branchMap":{"0":{"loc":{"start":{"line":25,"column":19},"end":{"line":25,"column":61}},"type":"cond-expr","locations":[{"start":{"line":25,"column":49},"end":{"line":25,"column":53}},{"start":{"line":25,"column":56},"end":{"line":25,"column":61}}],"line":25}},"s":{"0":9,"1":9,"2":14,"3":9},"f":{"0":14},"b":{"0":[0,13]},"_coverageSchema":"1a1c01bbd47fc00a2c39e90264f33305004495a9","hash":"30ad785eb60451194c48a3c253a63e7bea5128a8"}
,"/Users/paulmairot/Documents/HEIG-VD/Semester 6/TB/TB/Code projects/ath-api-tb/routes/athlete.js": {"path":"/Users/paulmairot/Documents/HEIG-VD/Semester 6/TB/TB/Code projects/ath-api-tb/routes/athlete.js","statementMap":{"0":{"start":{"line":4,"column":15},"end":{"line":4,"column":31}},"1":{"start":{"line":51,"column":0},"end":{"line":67,"column":3}},"2":{"start":{"line":52,"column":18},"end":{"line":52,"column":46}},"3":{"start":{"line":54,"column":4},"end":{"line":54,"column":131}},"4":{"start":{"line":54,"column":27},"end":{"line":54,"column":129}},"5":{"start":{"line":55,"column":4},"end":{"line":55,"column":135}},"6":{"start":{"line":55,"column":28},"end":{"line":55,"column":133}},"7":{"start":{"line":56,"column":4},"end":{"line":56,"column":72}},"8":{"start":{"line":56,"column":25},"end":{"line":56,"column":70}},"9":{"start":{"line":58,"column":4},"end":{"line":66,"column":7}},"10":{"start":{"line":59,"column":8},"end":{"line":63,"column":9}},"11":{"start":{"line":60,"column":12},"end":{"line":60,"column":53}},"12":{"start":{"line":62,"column":12},"end":{"line":62,"column":31}},"13":{"start":{"line":65,"column":8},"end":{"line":65,"column":25}},"14":{"start":{"line":99,"column":0},"end":{"line":109,"column":3}},"15":{"start":{"line":100,"column":4},"end":{"line":108,"column":7}},"16":{"start":{"line":101,"column":8},"end":{"line":105,"column":9}},"17":{"start":{"line":102,"column":12},"end":{"line":102,"column":84}},"18":{"start":{"line":104,"column":12},"end":{"line":104,"column":30}},"19":{"start":{"line":107,"column":8},"end":{"line":107,"column":25}},"20":{"start":{"line":146,"column":0},"end":{"line":155,"column":3}},"21":{"start":{"line":147,"column":23},"end":{"line":147,"column":44}},"22":{"start":{"line":149,"column":4},"end":{"line":153,"column":7}},"23":{"start":{"line":150,"column":8},"end":{"line":150,"column":43}},"24":{"start":{"line":152,"column":8},"end":{"line":152,"column":34}},"25":{"start":{"line":197,"column":0},"end":{"line":204,"column":3}},"26":{"start":{"line":198,"column":4},"end":{"line":202,"column":6}},"27":{"start":{"line":199,"column":8},"end":{"line":199,"column":33}},"28":{"start":{"line":201,"column":8},"end":{"line":201,"column":33}},"29":{"start":{"line":221,"column":0},"end":{"line":231,"column":3}},"30":{"start":{"line":222,"column":4},"end":{"line":230,"column":6}},"31":{"start":{"line":223,"column":8},"end":{"line":227,"column":9}},"32":{"start":{"line":224,"column":10},"end":{"line":224,"column":83}},"33":{"start":{"line":226,"column":10},"end":{"line":226,"column":30}},"34":{"start":{"line":229,"column":8},"end":{"line":229,"column":33}}},"fnMap":{"0":{"name":"(anonymous_0)","decl":{"start":{"line":51,"column":16},"end":{"line":51,"column":17}},"loc":{"start":{"line":51,"column":42},"end":{"line":67,"column":1}},"line":51},"1":{"name":"(anonymous_1)","decl":{"start":{"line":58,"column":103},"end":{"line":58,"column":104}},"loc":{"start":{"line":58,"column":117},"end":{"line":64,"column":5}},"line":58},"2":{"name":"(anonymous_2)","decl":{"start":{"line":64,"column":13},"end":{"line":64,"column":14}},"loc":{"start":{"line":64,"column":22},"end":{"line":66,"column":5}},"line":64},"3":{"name":"(anonymous_3)","decl":{"start":{"line":99,"column":19},"end":{"line":99,"column":20}},"loc":{"start":{"line":99,"column":45},"end":{"line":109,"column":1}},"line":99},"4":{"name":"(anonymous_4)","decl":{"start":{"line":100,"column":88},"end":{"line":100,"column":89}},"loc":{"start":{"line":100,"column":101},"end":{"line":106,"column":5}},"line":100},"5":{"name":"(anonymous_5)","decl":{"start":{"line":106,"column":13},"end":{"line":106,"column":14}},"loc":{"start":{"line":106,"column":22},"end":{"line":108,"column":5}},"line":106},"6":{"name":"(anonymous_6)","decl":{"start":{"line":146,"column":17},"end":{"line":146,"column":18}},"loc":{"start":{"line":146,"column":43},"end":{"line":155,"column":1}},"line":146},"7":{"name":"(anonymous_7)","decl":{"start":{"line":149,"column":27},"end":{"line":149,"column":28}},"loc":{"start":{"line":149,"column":45},"end":{"line":151,"column":5}},"line":149},"8":{"name":"(anonymous_8)","decl":{"start":{"line":151,"column":13},"end":{"line":151,"column":14}},"loc":{"start":{"line":151,"column":22},"end":{"line":153,"column":5}},"line":151},"9":{"name":"(anonymous_9)","decl":{"start":{"line":197,"column":19},"end":{"line":197,"column":20}},"loc":{"start":{"line":197,"column":45},"end":{"line":204,"column":1}},"line":197},"10":{"name":"(anonymous_10)","decl":{"start":{"line":198,"column":108},"end":{"line":198,"column":109}},"loc":{"start":{"line":198,"column":128},"end":{"line":200,"column":5}},"line":198},"11":{"name":"(anonymous_11)","decl":{"start":{"line":200,"column":13},"end":{"line":200,"column":14}},"loc":{"start":{"line":200,"column":22},"end":{"line":202,"column":5}},"line":200},"12":{"name":"(anonymous_12)","decl":{"start":{"line":221,"column":22},"end":{"line":221,"column":23}},"loc":{"start":{"line":221,"column":48},"end":{"line":231,"column":1}},"line":221},"13":{"name":"(anonymous_13)","decl":{"start":{"line":222,"column":53},"end":{"line":222,"column":54}},"loc":{"start":{"line":222,"column":73},"end":{"line":228,"column":5}},"line":222},"14":{"name":"(anonymous_14)","decl":{"start":{"line":228,"column":13},"end":{"line":228,"column":14}},"loc":{"start":{"line":228,"column":22},"end":{"line":230,"column":5}},"line":228}},"branchMap":{"0":{"loc":{"start":{"line":54,"column":4},"end":{"line":54,"column":131}},"type":"if","locations":[{"start":{"line":54,"column":4},"end":{"line":54,"column":131}},{"start":{},"end":{}}],"line":54},"1":{"loc":{"start":{"line":55,"column":4},"end":{"line":55,"column":135}},"type":"if","locations":[{"start":{"line":55,"column":4},"end":{"line":55,"column":135}},{"start":{},"end":{}}],"line":55},"2":{"loc":{"start":{"line":56,"column":4},"end":{"line":56,"column":72}},"type":"if","locations":[{"start":{"line":56,"column":4},"end":{"line":56,"column":72}},{"start":{},"end":{}}],"line":56},"3":{"loc":{"start":{"line":59,"column":8},"end":{"line":63,"column":9}},"type":"if","locations":[{"start":{"line":59,"column":8},"end":{"line":63,"column":9}},{"start":{"line":61,"column":15},"end":{"line":63,"column":9}}],"line":59},"4":{"loc":{"start":{"line":101,"column":8},"end":{"line":105,"column":9}},"type":"if","locations":[{"start":{"line":101,"column":8},"end":{"line":105,"column":9}},{"start":{"line":103,"column":15},"end":{"line":105,"column":9}}],"line":101},"5":{"loc":{"start":{"line":223,"column":8},"end":{"line":227,"column":9}},"type":"if","locations":[{"start":{"line":223,"column":8},"end":{"line":227,"column":9}},{"start":{"line":225,"column":15},"end":{"line":227,"column":9}}],"line":223}},"s":{"0":9,"1":9,"2":3,"3":3,"4":1,"5":3,"6":1,"7":3,"8":1,"9":3,"10":3,"11":1,"12":2,"13":0,"14":9,"15":0,"16":0,"17":0,"18":0,"19":0,"20":9,"21":3,"22":3,"23":1,"24":2,"25":9,"26":2,"27":1,"28":1,"29":9,"30":2,"31":2,"32":1,"33":1,"34":0},"f":{"0":3,"1":3,"2":0,"3":0,"4":0,"5":0,"6":3,"7":1,"8":2,"9":2,"10":1,"11":1,"12":2,"13":2,"14":0},"b":{"0":[1,2],"1":[1,2],"2":[1,2],"3":[1,2],"4":[0,0],"5":[1,1]},"_coverageSchema":"1a1c01bbd47fc00a2c39e90264f33305004495a9","hash":"5cbe50885af491910ec343d6c497bf32f91330f5"}
,"/Users/paulmairot/Documents/HEIG-VD/Semester 6/TB/TB/Code projects/ath-api-tb/routes/country.js": {"path":"/Users/paulmairot/Documents/HEIG-VD/Semester 6/TB/TB/Code projects/ath-api-tb/routes/country.js","statementMap":{"0":{"start":{"line":4,"column":15},"end":{"line":4,"column":31}},"1":{"start":{"line":47,"column":0},"end":{"line":64,"column":3}},"2":{"start":{"line":48,"column":18},"end":{"line":48,"column":46}},"3":{"start":{"line":50,"column":4},"end":{"line":50,"column":72}},"4":{"start":{"line":50,"column":25},"end":{"line":50,"column":70}},"5":{"start":{"line":51,"column":4},"end":{"line":51,"column":72}},"6":{"start":{"line":51,"column":25},"end":{"line":51,"column":70}},"7":{"start":{"line":52,"column":4},"end":{"line":52,"column":66}},"8":{"start":{"line":52,"column":25},"end":{"line":52,"column":64}},"9":{"start":{"line":53,"column":4},"end":{"line":53,"column":117}},"10":{"start":{"line":53,"column":25},"end":{"line":53,"column":115}},"11":{"start":{"line":55,"column":4},"end":{"line":63,"column":7}},"12":{"start":{"line":56,"column":8},"end":{"line":60,"column":9}},"13":{"start":{"line":57,"column":12},"end":{"line":57,"column":53}},"14":{"start":{"line":59,"column":12},"end":{"line":59,"column":32}},"15":{"start":{"line":62,"column":8},"end":{"line":62,"column":25}},"16":{"start":{"line":91,"column":0},"end":{"line":101,"column":3}},"17":{"start":{"line":92,"column":4},"end":{"line":100,"column":7}},"18":{"start":{"line":93,"column":8},"end":{"line":97,"column":9}},"19":{"start":{"line":94,"column":12},"end":{"line":94,"column":84}},"20":{"start":{"line":96,"column":12},"end":{"line":96,"column":30}},"21":{"start":{"line":99,"column":8},"end":{"line":99,"column":25}},"22":{"start":{"line":131,"column":0},"end":{"line":140,"column":3}},"23":{"start":{"line":132,"column":23},"end":{"line":132,"column":44}},"24":{"start":{"line":134,"column":4},"end":{"line":138,"column":7}},"25":{"start":{"line":135,"column":8},"end":{"line":135,"column":43}},"26":{"start":{"line":137,"column":8},"end":{"line":137,"column":34}},"27":{"start":{"line":176,"column":0},"end":{"line":183,"column":3}},"28":{"start":{"line":177,"column":4},"end":{"line":181,"column":6}},"29":{"start":{"line":178,"column":8},"end":{"line":178,"column":33}},"30":{"start":{"line":180,"column":8},"end":{"line":180,"column":33}},"31":{"start":{"line":199,"column":0},"end":{"line":209,"column":3}},"32":{"start":{"line":200,"column":4},"end":{"line":208,"column":6}},"33":{"start":{"line":201,"column":8},"end":{"line":205,"column":9}},"34":{"start":{"line":202,"column":10},"end":{"line":202,"column":83}},"35":{"start":{"line":204,"column":10},"end":{"line":204,"column":30}},"36":{"start":{"line":207,"column":8},"end":{"line":207,"column":33}}},"fnMap":{"0":{"name":"(anonymous_0)","decl":{"start":{"line":47,"column":16},"end":{"line":47,"column":17}},"loc":{"start":{"line":47,"column":42},"end":{"line":64,"column":1}},"line":47},"1":{"name":"(anonymous_1)","decl":{"start":{"line":55,"column":52},"end":{"line":55,"column":53}},"loc":{"start":{"line":55,"column":67},"end":{"line":61,"column":5}},"line":55},"2":{"name":"(anonymous_2)","decl":{"start":{"line":61,"column":13},"end":{"line":61,"column":14}},"loc":{"start":{"line":61,"column":22},"end":{"line":63,"column":5}},"line":61},"3":{"name":"(anonymous_3)","decl":{"start":{"line":91,"column":19},"end":{"line":91,"column":20}},"loc":{"start":{"line":91,"column":45},"end":{"line":101,"column":1}},"line":91},"4":{"name":"(anonymous_4)","decl":{"start":{"line":92,"column":41},"end":{"line":92,"column":42}},"loc":{"start":{"line":92,"column":54},"end":{"line":98,"column":5}},"line":92},"5":{"name":"(anonymous_5)","decl":{"start":{"line":98,"column":13},"end":{"line":98,"column":14}},"loc":{"start":{"line":98,"column":22},"end":{"line":100,"column":5}},"line":98},"6":{"name":"(anonymous_6)","decl":{"start":{"line":131,"column":17},"end":{"line":131,"column":18}},"loc":{"start":{"line":131,"column":43},"end":{"line":140,"column":1}},"line":131},"7":{"name":"(anonymous_7)","decl":{"start":{"line":134,"column":27},"end":{"line":134,"column":28}},"loc":{"start":{"line":134,"column":45},"end":{"line":136,"column":5}},"line":134},"8":{"name":"(anonymous_8)","decl":{"start":{"line":136,"column":13},"end":{"line":136,"column":14}},"loc":{"start":{"line":136,"column":22},"end":{"line":138,"column":5}},"line":136},"9":{"name":"(anonymous_9)","decl":{"start":{"line":176,"column":19},"end":{"line":176,"column":20}},"loc":{"start":{"line":176,"column":45},"end":{"line":183,"column":1}},"line":176},"10":{"name":"(anonymous_10)","decl":{"start":{"line":177,"column":108},"end":{"line":177,"column":109}},"loc":{"start":{"line":177,"column":128},"end":{"line":179,"column":5}},"line":177},"11":{"name":"(anonymous_11)","decl":{"start":{"line":179,"column":13},"end":{"line":179,"column":14}},"loc":{"start":{"line":179,"column":22},"end":{"line":181,"column":5}},"line":179},"12":{"name":"(anonymous_12)","decl":{"start":{"line":199,"column":22},"end":{"line":199,"column":23}},"loc":{"start":{"line":199,"column":48},"end":{"line":209,"column":1}},"line":199},"13":{"name":"(anonymous_13)","decl":{"start":{"line":200,"column":53},"end":{"line":200,"column":54}},"loc":{"start":{"line":200,"column":73},"end":{"line":206,"column":5}},"line":200},"14":{"name":"(anonymous_14)","decl":{"start":{"line":206,"column":13},"end":{"line":206,"column":14}},"loc":{"start":{"line":206,"column":22},"end":{"line":208,"column":5}},"line":206}},"branchMap":{"0":{"loc":{"start":{"line":50,"column":4},"end":{"line":50,"column":72}},"type":"if","locations":[{"start":{"line":50,"column":4},"end":{"line":50,"column":72}},{"start":{},"end":{}}],"line":50},"1":{"loc":{"start":{"line":51,"column":4},"end":{"line":51,"column":72}},"type":"if","locations":[{"start":{"line":51,"column":4},"end":{"line":51,"column":72}},{"start":{},"end":{}}],"line":51},"2":{"loc":{"start":{"line":52,"column":4},"end":{"line":52,"column":66}},"type":"if","locations":[{"start":{"line":52,"column":4},"end":{"line":52,"column":66}},{"start":{},"end":{}}],"line":52},"3":{"loc":{"start":{"line":53,"column":4},"end":{"line":53,"column":117}},"type":"if","locations":[{"start":{"line":53,"column":4},"end":{"line":53,"column":117}},{"start":{},"end":{}}],"line":53},"4":{"loc":{"start":{"line":56,"column":8},"end":{"line":60,"column":9}},"type":"if","locations":[{"start":{"line":56,"column":8},"end":{"line":60,"column":9}},{"start":{"line":58,"column":15},"end":{"line":60,"column":9}}],"line":56},"5":{"loc":{"start":{"line":93,"column":8},"end":{"line":97,"column":9}},"type":"if","locations":[{"start":{"line":93,"column":8},"end":{"line":97,"column":9}},{"start":{"line":95,"column":15},"end":{"line":97,"column":9}}],"line":93},"6":{"loc":{"start":{"line":201,"column":8},"end":{"line":205,"column":9}},"type":"if","locations":[{"start":{"line":201,"column":8},"end":{"line":205,"column":9}},{"start":{"line":203,"column":15},"end":{"line":205,"column":9}}],"line":201}},"s":{"0":9,"1":9,"2":3,"3":3,"4":2,"5":3,"6":1,"7":3,"8":1,"9":3,"10":1,"11":3,"12":3,"13":1,"14":2,"15":0,"16":9,"17":0,"18":0,"19":0,"20":0,"21":0,"22":9,"23":3,"24":3,"25":1,"26":2,"27":9,"28":2,"29":1,"30":1,"31":9,"32":2,"33":2,"34":1,"35":1,"36":0},"f":{"0":3,"1":3,"2":0,"3":0,"4":0,"5":0,"6":3,"7":1,"8":2,"9":2,"10":1,"11":1,"12":2,"13":2,"14":0},"b":{"0":[2,1],"1":[1,2],"2":[1,2],"3":[1,2],"4":[1,2],"5":[0,0],"6":[1,1]},"_coverageSchema":"1a1c01bbd47fc00a2c39e90264f33305004495a9","hash":"9d2a806de86a56b38e4943dff96b09c7438dfcce"}
,"/Users/paulmairot/Documents/HEIG-VD/Semester 6/TB/TB/Code projects/ath-api-tb/routes/discipline.js": {"path":"/Users/paulmairot/Documents/HEIG-VD/Semester 6/TB/TB/Code projects/ath-api-tb/routes/discipline.js","statementMap":{"0":{"start":{"line":4,"column":15},"end":{"line":4,"column":31}},"1":{"start":{"line":45,"column":0},"end":{"line":58,"column":3}},"2":{"start":{"line":46,"column":18},"end":{"line":46,"column":46}},"3":{"start":{"line":47,"column":4},"end":{"line":47,"column":25}},"4":{"start":{"line":49,"column":4},"end":{"line":57,"column":7}},"5":{"start":{"line":50,"column":8},"end":{"line":54,"column":9}},"6":{"start":{"line":51,"column":12},"end":{"line":51,"column":56}},"7":{"start":{"line":53,"column":12},"end":{"line":53,"column":34}},"8":{"start":{"line":56,"column":8},"end":{"line":56,"column":25}},"9":{"start":{"line":84,"column":0},"end":{"line":94,"column":3}},"10":{"start":{"line":85,"column":4},"end":{"line":93,"column":7}},"11":{"start":{"line":86,"column":8},"end":{"line":90,"column":9}},"12":{"start":{"line":87,"column":12},"end":{"line":87,"column":87}},"13":{"start":{"line":89,"column":12},"end":{"line":89,"column":33}},"14":{"start":{"line":92,"column":8},"end":{"line":92,"column":25}},"15":{"start":{"line":122,"column":0},"end":{"line":131,"column":3}},"16":{"start":{"line":123,"column":26},"end":{"line":123,"column":50}},"17":{"start":{"line":125,"column":4},"end":{"line":129,"column":7}},"18":{"start":{"line":126,"column":8},"end":{"line":126,"column":46}},"19":{"start":{"line":128,"column":8},"end":{"line":128,"column":34}},"20":{"start":{"line":163,"column":0},"end":{"line":170,"column":3}},"21":{"start":{"line":164,"column":4},"end":{"line":168,"column":6}},"22":{"start":{"line":165,"column":8},"end":{"line":165,"column":36}},"23":{"start":{"line":167,"column":8},"end":{"line":167,"column":33}},"24":{"start":{"line":186,"column":0},"end":{"line":196,"column":3}},"25":{"start":{"line":187,"column":4},"end":{"line":195,"column":6}},"26":{"start":{"line":188,"column":8},"end":{"line":192,"column":9}},"27":{"start":{"line":189,"column":10},"end":{"line":189,"column":86}},"28":{"start":{"line":191,"column":10},"end":{"line":191,"column":30}},"29":{"start":{"line":194,"column":8},"end":{"line":194,"column":33}}},"fnMap":{"0":{"name":"(anonymous_0)","decl":{"start":{"line":45,"column":16},"end":{"line":45,"column":17}},"loc":{"start":{"line":45,"column":42},"end":{"line":58,"column":1}},"line":45},"1":{"name":"(anonymous_1)","decl":{"start":{"line":49,"column":82},"end":{"line":49,"column":83}},"loc":{"start":{"line":49,"column":99},"end":{"line":55,"column":5}},"line":49},"2":{"name":"(anonymous_2)","decl":{"start":{"line":55,"column":13},"end":{"line":55,"column":14}},"loc":{"start":{"line":55,"column":22},"end":{"line":57,"column":5}},"line":55},"3":{"name":"(anonymous_3)","decl":{"start":{"line":84,"column":19},"end":{"line":84,"column":20}},"loc":{"start":{"line":84,"column":45},"end":{"line":94,"column":1}},"line":84},"4":{"name":"(anonymous_4)","decl":{"start":{"line":85,"column":44},"end":{"line":85,"column":45}},"loc":{"start":{"line":85,"column":60},"end":{"line":91,"column":5}},"line":85},"5":{"name":"(anonymous_5)","decl":{"start":{"line":91,"column":13},"end":{"line":91,"column":14}},"loc":{"start":{"line":91,"column":22},"end":{"line":93,"column":5}},"line":91},"6":{"name":"(anonymous_6)","decl":{"start":{"line":122,"column":17},"end":{"line":122,"column":18}},"loc":{"start":{"line":122,"column":43},"end":{"line":131,"column":1}},"line":122},"7":{"name":"(anonymous_7)","decl":{"start":{"line":125,"column":30},"end":{"line":125,"column":31}},"loc":{"start":{"line":125,"column":51},"end":{"line":127,"column":5}},"line":125},"8":{"name":"(anonymous_8)","decl":{"start":{"line":127,"column":13},"end":{"line":127,"column":14}},"loc":{"start":{"line":127,"column":22},"end":{"line":129,"column":5}},"line":127},"9":{"name":"(anonymous_9)","decl":{"start":{"line":163,"column":19},"end":{"line":163,"column":20}},"loc":{"start":{"line":163,"column":45},"end":{"line":170,"column":1}},"line":163},"10":{"name":"(anonymous_10)","decl":{"start":{"line":164,"column":111},"end":{"line":164,"column":112}},"loc":{"start":{"line":164,"column":134},"end":{"line":166,"column":5}},"line":164},"11":{"name":"(anonymous_11)","decl":{"start":{"line":166,"column":13},"end":{"line":166,"column":14}},"loc":{"start":{"line":166,"column":22},"end":{"line":168,"column":5}},"line":166},"12":{"name":"(anonymous_12)","decl":{"start":{"line":186,"column":22},"end":{"line":186,"column":23}},"loc":{"start":{"line":186,"column":48},"end":{"line":196,"column":1}},"line":186},"13":{"name":"(anonymous_13)","decl":{"start":{"line":187,"column":56},"end":{"line":187,"column":57}},"loc":{"start":{"line":187,"column":79},"end":{"line":193,"column":5}},"line":187},"14":{"name":"(anonymous_14)","decl":{"start":{"line":193,"column":13},"end":{"line":193,"column":14}},"loc":{"start":{"line":193,"column":22},"end":{"line":195,"column":5}},"line":193}},"branchMap":{"0":{"loc":{"start":{"line":50,"column":8},"end":{"line":54,"column":9}},"type":"if","locations":[{"start":{"line":50,"column":8},"end":{"line":54,"column":9}},{"start":{"line":52,"column":15},"end":{"line":54,"column":9}}],"line":50},"1":{"loc":{"start":{"line":86,"column":8},"end":{"line":90,"column":9}},"type":"if","locations":[{"start":{"line":86,"column":8},"end":{"line":90,"column":9}},{"start":{"line":88,"column":15},"end":{"line":90,"column":9}}],"line":86},"2":{"loc":{"start":{"line":188,"column":8},"end":{"line":192,"column":9}},"type":"if","locations":[{"start":{"line":188,"column":8},"end":{"line":192,"column":9}},{"start":{"line":190,"column":15},"end":{"line":192,"column":9}}],"line":188}},"s":{"0":9,"1":9,"2":4,"3":4,"4":4,"5":4,"6":1,"7":3,"8":0,"9":9,"10":0,"11":0,"12":0,"13":0,"14":0,"15":9,"16":3,"17":3,"18":1,"19":2,"20":9,"21":2,"22":1,"23":1,"24":9,"25":2,"26":2,"27":1,"28":1,"29":0},"f":{"0":4,"1":4,"2":0,"3":0,"4":0,"5":0,"6":3,"7":1,"8":2,"9":2,"10":1,"11":1,"12":2,"13":2,"14":0},"b":{"0":[1,3],"1":[0,0],"2":[1,1]},"_coverageSchema":"1a1c01bbd47fc00a2c39e90264f33305004495a9","hash":"9ee0f14cf3d28e89d4d629ab8c8abf52ece176f0"}
,"/Users/paulmairot/Documents/HEIG-VD/Semester 6/TB/TB/Code projects/ath-api-tb/routes/index.js": {"path":"/Users/paulmairot/Documents/HEIG-VD/Semester 6/TB/TB/Code projects/ath-api-tb/routes/index.js","statementMap":{"0":{"start":{"line":2,"column":15},"end":{"line":2,"column":31}},"1":{"start":{"line":4,"column":0},"end":{"line":6,"column":3}},"2":{"start":{"line":5,"column":2},"end":{"line":5,"column":26}}},"fnMap":{"0":{"name":"(anonymous_0)","decl":{"start":{"line":4,"column":16},"end":{"line":4,"column":17}},"loc":{"start":{"line":4,"column":42},"end":{"line":6,"column":1}},"line":4}},"branchMap":{},"s":{"0":9,"1":9,"2":0},"f":{"0":0},"b":{},"_coverageSchema":"1a1c01bbd47fc00a2c39e90264f33305004495a9","hash":"2274cdf57c36e7593bf0124b11d2b5176c818c21"}
,"/Users/paulmairot/Documents/HEIG-VD/Semester 6/TB/TB/Code projects/ath-api-tb/routes/meeting.js": {"path":"/Users/paulmairot/Documents/HEIG-VD/Semester 6/TB/TB/Code projects/ath-api-tb/routes/meeting.js","statementMap":{"0":{"start":{"line":4,"column":15},"end":{"line":4,"column":31}},"1":{"start":{"line":55,"column":0},"end":{"line":88,"column":3}},"2":{"start":{"line":56,"column":18},"end":{"line":56,"column":46}},"3":{"start":{"line":57,"column":4},"end":{"line":57,"column":25}},"4":{"start":{"line":58,"column":4},"end":{"line":58,"column":28}},"5":{"start":{"line":59,"column":4},"end":{"line":59,"column":24}},"6":{"start":{"line":61,"column":4},"end":{"line":65,"column":5}},"7":{"start":{"line":62,"column":8},"end":{"line":64,"column":37}},"8":{"start":{"line":63,"column":28},"end":{"line":63,"column":77}},"9":{"start":{"line":67,"column":4},"end":{"line":67,"column":115}},"10":{"start":{"line":67,"column":23},"end":{"line":67,"column":113}},"11":{"start":{"line":69,"column":4},"end":{"line":69,"column":93}},"12":{"start":{"line":69,"column":29},"end":{"line":69,"column":92}},"13":{"start":{"line":70,"column":4},"end":{"line":70,"column":81}},"14":{"start":{"line":70,"column":25},"end":{"line":70,"column":80}},"15":{"start":{"line":72,"column":4},"end":{"line":87,"column":11}},"16":{"start":{"line":80,"column":12},"end":{"line":84,"column":13}},"17":{"start":{"line":81,"column":16},"end":{"line":81,"column":57}},"18":{"start":{"line":83,"column":16},"end":{"line":83,"column":35}},"19":{"start":{"line":86,"column":12},"end":{"line":86,"column":29}},"20":{"start":{"line":122,"column":0},"end":{"line":132,"column":3}},"21":{"start":{"line":123,"column":4},"end":{"line":131,"column":7}},"22":{"start":{"line":124,"column":8},"end":{"line":128,"column":9}},"23":{"start":{"line":125,"column":12},"end":{"line":125,"column":84}},"24":{"start":{"line":127,"column":12},"end":{"line":127,"column":30}},"25":{"start":{"line":130,"column":8},"end":{"line":130,"column":25}},"26":{"start":{"line":171,"column":0},"end":{"line":180,"column":3}},"27":{"start":{"line":172,"column":23},"end":{"line":172,"column":44}},"28":{"start":{"line":174,"column":4},"end":{"line":178,"column":7}},"29":{"start":{"line":175,"column":8},"end":{"line":175,"column":43}},"30":{"start":{"line":177,"column":8},"end":{"line":177,"column":34}},"31":{"start":{"line":225,"column":0},"end":{"line":232,"column":3}},"32":{"start":{"line":226,"column":4},"end":{"line":230,"column":6}},"33":{"start":{"line":227,"column":8},"end":{"line":227,"column":33}},"34":{"start":{"line":229,"column":8},"end":{"line":229,"column":33}},"35":{"start":{"line":249,"column":0},"end":{"line":259,"column":3}},"36":{"start":{"line":250,"column":4},"end":{"line":258,"column":6}},"37":{"start":{"line":251,"column":8},"end":{"line":255,"column":9}},"38":{"start":{"line":252,"column":10},"end":{"line":252,"column":83}},"39":{"start":{"line":254,"column":10},"end":{"line":254,"column":30}},"40":{"start":{"line":257,"column":8},"end":{"line":257,"column":33}}},"fnMap":{"0":{"name":"(anonymous_0)","decl":{"start":{"line":55,"column":16},"end":{"line":55,"column":17}},"loc":{"start":{"line":55,"column":42},"end":{"line":88,"column":1}},"line":55},"1":{"name":"(anonymous_1)","decl":{"start":{"line":62,"column":51},"end":{"line":62,"column":52}},"loc":{"start":{"line":62,"column":61},"end":{"line":64,"column":25}},"line":62},"2":{"name":"(anonymous_2)","decl":{"start":{"line":79,"column":53},"end":{"line":79,"column":54}},"loc":{"start":{"line":79,"column":67},"end":{"line":85,"column":9}},"line":79},"3":{"name":"(anonymous_3)","decl":{"start":{"line":85,"column":17},"end":{"line":85,"column":18}},"loc":{"start":{"line":85,"column":26},"end":{"line":87,"column":9}},"line":85},"4":{"name":"(anonymous_4)","decl":{"start":{"line":122,"column":19},"end":{"line":122,"column":20}},"loc":{"start":{"line":122,"column":45},"end":{"line":132,"column":1}},"line":122},"5":{"name":"(anonymous_5)","decl":{"start":{"line":123,"column":72},"end":{"line":123,"column":73}},"loc":{"start":{"line":123,"column":85},"end":{"line":129,"column":5}},"line":123},"6":{"name":"(anonymous_6)","decl":{"start":{"line":129,"column":13},"end":{"line":129,"column":14}},"loc":{"start":{"line":129,"column":22},"end":{"line":131,"column":5}},"line":129},"7":{"name":"(anonymous_7)","decl":{"start":{"line":171,"column":17},"end":{"line":171,"column":18}},"loc":{"start":{"line":171,"column":43},"end":{"line":180,"column":1}},"line":171},"8":{"name":"(anonymous_8)","decl":{"start":{"line":174,"column":27},"end":{"line":174,"column":28}},"loc":{"start":{"line":174,"column":45},"end":{"line":176,"column":5}},"line":174},"9":{"name":"(anonymous_9)","decl":{"start":{"line":176,"column":13},"end":{"line":176,"column":14}},"loc":{"start":{"line":176,"column":22},"end":{"line":178,"column":5}},"line":176},"10":{"name":"(anonymous_10)","decl":{"start":{"line":225,"column":19},"end":{"line":225,"column":20}},"loc":{"start":{"line":225,"column":45},"end":{"line":232,"column":1}},"line":225},"11":{"name":"(anonymous_11)","decl":{"start":{"line":226,"column":139},"end":{"line":226,"column":140}},"loc":{"start":{"line":226,"column":159},"end":{"line":228,"column":5}},"line":226},"12":{"name":"(anonymous_12)","decl":{"start":{"line":228,"column":13},"end":{"line":228,"column":14}},"loc":{"start":{"line":228,"column":22},"end":{"line":230,"column":5}},"line":228},"13":{"name":"(anonymous_13)","decl":{"start":{"line":249,"column":22},"end":{"line":249,"column":23}},"loc":{"start":{"line":249,"column":48},"end":{"line":259,"column":1}},"line":249},"14":{"name":"(anonymous_14)","decl":{"start":{"line":250,"column":53},"end":{"line":250,"column":54}},"loc":{"start":{"line":250,"column":73},"end":{"line":256,"column":5}},"line":250},"15":{"name":"(anonymous_15)","decl":{"start":{"line":256,"column":13},"end":{"line":256,"column":14}},"loc":{"start":{"line":256,"column":22},"end":{"line":258,"column":5}},"line":256}},"branchMap":{"0":{"loc":{"start":{"line":61,"column":4},"end":{"line":65,"column":5}},"type":"if","locations":[{"start":{"line":61,"column":4},"end":{"line":65,"column":5}},{"start":{},"end":{}}],"line":61},"1":{"loc":{"start":{"line":67,"column":4},"end":{"line":67,"column":115}},"type":"if","locations":[{"start":{"line":67,"column":4},"end":{"line":67,"column":115}},{"start":{},"end":{}}],"line":67},"2":{"loc":{"start":{"line":69,"column":4},"end":{"line":69,"column":93}},"type":"if","locations":[{"start":{"line":69,"column":4},"end":{"line":69,"column":93}},{"start":{},"end":{}}],"line":69},"3":{"loc":{"start":{"line":70,"column":4},"end":{"line":70,"column":81}},"type":"if","locations":[{"start":{"line":70,"column":4},"end":{"line":70,"column":81}},{"start":{},"end":{}}],"line":70},"4":{"loc":{"start":{"line":74,"column":15},"end":{"line":74,"column":84}},"type":"cond-expr","locations":[{"start":{"line":74,"column":36},"end":{"line":74,"column":79}},{"start":{"line":74,"column":82},"end":{"line":74,"column":84}}],"line":74},"5":{"loc":{"start":{"line":75,"column":15},"end":{"line":75,"column":76}},"type":"cond-expr","locations":[{"start":{"line":75,"column":32},"end":{"line":75,"column":71}},{"start":{"line":75,"column":74},"end":{"line":75,"column":76}}],"line":75},"6":{"loc":{"start":{"line":76,"column":15},"end":{"line":76,"column":74}},"type":"cond-expr","locations":[{"start":{"line":76,"column":32},"end":{"line":76,"column":69}},{"start":{"line":76,"column":72},"end":{"line":76,"column":74}}],"line":76},"7":{"loc":{"start":{"line":80,"column":12},"end":{"line":84,"column":13}},"type":"if","locations":[{"start":{"line":80,"column":12},"end":{"line":84,"column":13}},{"start":{"line":82,"column":19},"end":{"line":84,"column":13}}],"line":80},"8":{"loc":{"start":{"line":124,"column":8},"end":{"line":128,"column":9}},"type":"if","locations":[{"start":{"line":124,"column":8},"end":{"line":128,"column":9}},{"start":{"line":126,"column":15},"end":{"line":128,"column":9}}],"line":124},"9":{"loc":{"start":{"line":251,"column":8},"end":{"line":255,"column":9}},"type":"if","locations":[{"start":{"line":251,"column":8},"end":{"line":255,"column":9}},{"start":{"line":253,"column":15},"end":{"line":255,"column":9}}],"line":251}},"s":{"0":9,"1":9,"2":4,"3":4,"4":4,"5":4,"6":4,"7":2,"8":4,"9":4,"10":1,"11":4,"12":0,"13":4,"14":0,"15":4,"16":4,"17":1,"18":3,"19":0,"20":9,"21":0,"22":0,"23":0,"24":0,"25":0,"26":9,"27":3,"28":3,"29":1,"30":2,"31":9,"32":2,"33":1,"34":1,"35":9,"36":2,"37":2,"38":1,"39":1,"40":0},"f":{"0":4,"1":4,"2":4,"3":0,"4":0,"5":0,"6":0,"7":3,"8":1,"9":2,"10":2,"11":1,"12":1,"13":2,"14":2,"15":0},"b":{"0":[2,2],"1":[1,3],"2":[0,4],"3":[0,4],"4":[0,4],"5":[0,4],"6":[0,4],"7":[1,3],"8":[0,0],"9":[1,1]},"_coverageSchema":"1a1c01bbd47fc00a2c39e90264f33305004495a9","hash":"565f25003b0a40db8b36cf6262f31a6217910fb9"}
,"/Users/paulmairot/Documents/HEIG-VD/Semester 6/TB/TB/Code projects/ath-api-tb/routes/performance.js": {"path":"/Users/paulmairot/Documents/HEIG-VD/Semester 6/TB/TB/Code projects/ath-api-tb/routes/performance.js","statementMap":{"0":{"start":{"line":10,"column":0},"end":{"line":13,"column":2}},"1":{"start":{"line":11,"column":20},"end":{"line":11,"column":43}},"2":{"start":{"line":12,"column":4},"end":{"line":12,"column":41}},"3":{"start":{"line":15,"column":15},"end":{"line":15,"column":31}},"4":{"start":{"line":55,"column":0},"end":{"line":81,"column":3}},"5":{"start":{"line":57,"column":18},"end":{"line":57,"column":46}},"6":{"start":{"line":58,"column":4},"end":{"line":58,"column":32}},"7":{"start":{"line":59,"column":4},"end":{"line":59,"column":26}},"8":{"start":{"line":61,"column":4},"end":{"line":80,"column":11}},"9":{"start":{"line":73,"column":12},"end":{"line":77,"column":13}},"10":{"start":{"line":74,"column":16},"end":{"line":74,"column":61}},"11":{"start":{"line":76,"column":16},"end":{"line":76,"column":39}},"12":{"start":{"line":79,"column":12},"end":{"line":79,"column":29}},"13":{"start":{"line":117,"column":0},"end":{"line":133,"column":3}},"14":{"start":{"line":118,"column":4},"end":{"line":132,"column":7}},"15":{"start":{"line":125,"column":8},"end":{"line":129,"column":9}},"16":{"start":{"line":126,"column":12},"end":{"line":126,"column":88}},"17":{"start":{"line":128,"column":12},"end":{"line":128,"column":34}},"18":{"start":{"line":131,"column":8},"end":{"line":131,"column":25}},"19":{"start":{"line":173,"column":0},"end":{"line":211,"column":3}},"20":{"start":{"line":176,"column":4},"end":{"line":183,"column":5}},"21":{"start":{"line":177,"column":8},"end":{"line":182,"column":10}},"22":{"start":{"line":178,"column":12},"end":{"line":180,"column":13}},"23":{"start":{"line":179,"column":16},"end":{"line":179,"column":46}},"24":{"start":{"line":186,"column":4},"end":{"line":193,"column":5}},"25":{"start":{"line":187,"column":8},"end":{"line":192,"column":10}},"26":{"start":{"line":188,"column":12},"end":{"line":190,"column":13}},"27":{"start":{"line":189,"column":16},"end":{"line":189,"column":55}},"28":{"start":{"line":195,"column":27},"end":{"line":195,"column":52}},"29":{"start":{"line":197,"column":4},"end":{"line":209,"column":7}},"30":{"start":{"line":199,"column":8},"end":{"line":201,"column":9}},"31":{"start":{"line":204,"column":8},"end":{"line":204,"column":44}},"32":{"start":{"line":206,"column":8},"end":{"line":206,"column":47}},"33":{"start":{"line":208,"column":8},"end":{"line":208,"column":34}},"34":{"start":{"line":257,"column":0},"end":{"line":269,"column":3}},"35":{"start":{"line":258,"column":4},"end":{"line":267,"column":6}},"36":{"start":{"line":261,"column":8},"end":{"line":261,"column":46}},"37":{"start":{"line":263,"column":8},"end":{"line":263,"column":37}},"38":{"start":{"line":266,"column":8},"end":{"line":266,"column":33}},"39":{"start":{"line":286,"column":0},"end":{"line":296,"column":3}},"40":{"start":{"line":287,"column":4},"end":{"line":295,"column":6}},"41":{"start":{"line":288,"column":8},"end":{"line":292,"column":9}},"42":{"start":{"line":289,"column":10},"end":{"line":289,"column":87}},"43":{"start":{"line":291,"column":10},"end":{"line":291,"column":30}},"44":{"start":{"line":294,"column":8},"end":{"line":294,"column":33}}},"fnMap":{"0":{"name":"(anonymous_0)","decl":{"start":{"line":10,"column":30},"end":{"line":10,"column":31}},"loc":{"start":{"line":10,"column":41},"end":{"line":13,"column":1}},"line":10},"1":{"name":"(anonymous_1)","decl":{"start":{"line":55,"column":16},"end":{"line":55,"column":17}},"loc":{"start":{"line":55,"column":42},"end":{"line":81,"column":1}},"line":55},"2":{"name":"(anonymous_2)","decl":{"start":{"line":72,"column":30},"end":{"line":72,"column":31}},"loc":{"start":{"line":72,"column":48},"end":{"line":78,"column":9}},"line":72},"3":{"name":"(anonymous_3)","decl":{"start":{"line":78,"column":17},"end":{"line":78,"column":18}},"loc":{"start":{"line":78,"column":26},"end":{"line":80,"column":9}},"line":78},"4":{"name":"(anonymous_4)","decl":{"start":{"line":117,"column":19},"end":{"line":117,"column":20}},"loc":{"start":{"line":117,"column":45},"end":{"line":133,"column":1}},"line":117},"5":{"name":"(anonymous_5)","decl":{"start":{"line":124,"column":12},"end":{"line":124,"column":13}},"loc":{"start":{"line":124,"column":29},"end":{"line":130,"column":5}},"line":124},"6":{"name":"(anonymous_6)","decl":{"start":{"line":130,"column":13},"end":{"line":130,"column":14}},"loc":{"start":{"line":130,"column":22},"end":{"line":132,"column":5}},"line":130},"7":{"name":"(anonymous_7)","decl":{"start":{"line":173,"column":17},"end":{"line":173,"column":18}},"loc":{"start":{"line":173,"column":49},"end":{"line":211,"column":1}},"line":173},"8":{"name":"(anonymous_8)","decl":{"start":{"line":177,"column":83},"end":{"line":177,"column":84}},"loc":{"start":{"line":177,"column":98},"end":{"line":182,"column":9}},"line":177},"9":{"name":"(anonymous_9)","decl":{"start":{"line":187,"column":86},"end":{"line":187,"column":87}},"loc":{"start":{"line":187,"column":106},"end":{"line":192,"column":9}},"line":187},"10":{"name":"(anonymous_10)","decl":{"start":{"line":197,"column":31},"end":{"line":197,"column":32}},"loc":{"start":{"line":197,"column":59},"end":{"line":207,"column":5}},"line":197},"11":{"name":"(anonymous_11)","decl":{"start":{"line":207,"column":13},"end":{"line":207,"column":14}},"loc":{"start":{"line":207,"column":22},"end":{"line":209,"column":5}},"line":207},"12":{"name":"(anonymous_12)","decl":{"start":{"line":257,"column":19},"end":{"line":257,"column":20}},"loc":{"start":{"line":257,"column":45},"end":{"line":269,"column":1}},"line":257},"13":{"name":"(anonymous_13)","decl":{"start":{"line":258,"column":112},"end":{"line":258,"column":113}},"loc":{"start":{"line":258,"column":142},"end":{"line":265,"column":5}},"line":258},"14":{"name":"(anonymous_14)","decl":{"start":{"line":265,"column":13},"end":{"line":265,"column":14}},"loc":{"start":{"line":265,"column":22},"end":{"line":267,"column":5}},"line":265},"15":{"name":"(anonymous_15)","decl":{"start":{"line":286,"column":22},"end":{"line":286,"column":23}},"loc":{"start":{"line":286,"column":48},"end":{"line":296,"column":1}},"line":286},"16":{"name":"(anonymous_16)","decl":{"start":{"line":287,"column":57},"end":{"line":287,"column":58}},"loc":{"start":{"line":287,"column":81},"end":{"line":293,"column":5}},"line":287},"17":{"name":"(anonymous_17)","decl":{"start":{"line":293,"column":13},"end":{"line":293,"column":14}},"loc":{"start":{"line":293,"column":22},"end":{"line":295,"column":5}},"line":293}},"branchMap":{"0":{"loc":{"start":{"line":62,"column":11},"end":{"line":62,"column":97}},"type":"cond-expr","locations":[{"start":{"line":62,"column":30},"end":{"line":62,"column":92}},{"start":{"line":62,"column":95},"end":{"line":62,"column":97}}],"line":62},"1":{"loc":{"start":{"line":63,"column":11},"end":{"line":63,"column":91}},"type":"cond-expr","locations":[{"start":{"line":63,"column":36},"end":{"line":63,"column":86}},{"start":{"line":63,"column":89},"end":{"line":63,"column":91}}],"line":63},"2":{"loc":{"start":{"line":73,"column":12},"end":{"line":77,"column":13}},"type":"if","locations":[{"start":{"line":73,"column":12},"end":{"line":77,"column":13}},{"start":{"line":75,"column":19},"end":{"line":77,"column":13}}],"line":73},"3":{"loc":{"start":{"line":125,"column":8},"end":{"line":129,"column":9}},"type":"if","locations":[{"start":{"line":125,"column":8},"end":{"line":129,"column":9}},{"start":{"line":127,"column":15},"end":{"line":129,"column":9}}],"line":125},"4":{"loc":{"start":{"line":176,"column":4},"end":{"line":183,"column":5}},"type":"if","locations":[{"start":{"line":176,"column":4},"end":{"line":183,"column":5}},{"start":{},"end":{}}],"line":176},"5":{"loc":{"start":{"line":176,"column":8},"end":{"line":176,"column":97}},"type":"binary-expr","locations":[{"start":{"line":176,"column":8},"end":{"line":176,"column":26}},{"start":{"line":176,"column":30},"end":{"line":176,"column":63}},{"start":{"line":176,"column":67},"end":{"line":176,"column":97}}],"line":176},"6":{"loc":{"start":{"line":178,"column":12},"end":{"line":180,"column":13}},"type":"if","locations":[{"start":{"line":178,"column":12},"end":{"line":180,"column":13}},{"start":{},"end":{}}],"line":178},"7":{"loc":{"start":{"line":186,"column":4},"end":{"line":193,"column":5}},"type":"if","locations":[{"start":{"line":186,"column":4},"end":{"line":193,"column":5}},{"start":{},"end":{}}],"line":186},"8":{"loc":{"start":{"line":186,"column":8},"end":{"line":186,"column":105}},"type":"binary-expr","locations":[{"start":{"line":186,"column":8},"end":{"line":186,"column":34}},{"start":{"line":186,"column":38},"end":{"line":186,"column":71}},{"start":{"line":186,"column":75},"end":{"line":186,"column":105}}],"line":186},"9":{"loc":{"start":{"line":188,"column":12},"end":{"line":190,"column":13}},"type":"if","locations":[{"start":{"line":188,"column":12},"end":{"line":190,"column":13}},{"start":{},"end":{}}],"line":188},"10":{"loc":{"start":{"line":288,"column":8},"end":{"line":292,"column":9}},"type":"if","locations":[{"start":{"line":288,"column":8},"end":{"line":292,"column":9}},{"start":{"line":290,"column":15},"end":{"line":292,"column":9}}],"line":288}},"s":{"0":9,"1":0,"2":0,"3":9,"4":9,"5":3,"6":3,"7":3,"8":3,"9":3,"10":1,"11":2,"12":0,"13":9,"14":0,"15":0,"16":0,"17":0,"18":0,"19":9,"20":3,"21":0,"22":0,"23":0,"24":3,"25":0,"26":0,"27":0,"28":3,"29":3,"30":1,"31":1,"32":1,"33":2,"34":9,"35":2,"36":1,"37":1,"38":1,"39":9,"40":3,"41":3,"42":1,"43":2,"44":0},"f":{"0":0,"1":3,"2":3,"3":0,"4":0,"5":0,"6":0,"7":3,"8":0,"9":0,"10":1,"11":2,"12":2,"13":1,"14":1,"15":3,"16":3,"17":0},"b":{"0":[1,2],"1":[2,1],"2":[1,2],"3":[0,0],"4":[0,3],"5":[3,1,0],"6":[0,0],"7":[0,3],"8":[3,1,0],"9":[0,0],"10":[1,2]},"_coverageSchema":"1a1c01bbd47fc00a2c39e90264f33305004495a9","hash":"9e7760349ea5d3e6cbea15c7ba19eaec690c93a1"}
,"/Users/paulmairot/Documents/HEIG-VD/Semester 6/TB/TB/Code projects/ath-api-tb/routes/position.js": {"path":"/Users/paulmairot/Documents/HEIG-VD/Semester 6/TB/TB/Code projects/ath-api-tb/routes/position.js","statementMap":{"0":{"start":{"line":4,"column":15},"end":{"line":4,"column":31}},"1":{"start":{"line":43,"column":0},"end":{"line":61,"column":3}},"2":{"start":{"line":44,"column":18},"end":{"line":44,"column":46}},"3":{"start":{"line":45,"column":4},"end":{"line":45,"column":25}},"4":{"start":{"line":47,"column":4},"end":{"line":60,"column":11}},"5":{"start":{"line":53,"column":12},"end":{"line":57,"column":13}},"6":{"start":{"line":54,"column":16},"end":{"line":54,"column":58}},"7":{"start":{"line":56,"column":16},"end":{"line":56,"column":36}},"8":{"start":{"line":59,"column":12},"end":{"line":59,"column":29}},"9":{"start":{"line":101,"column":0},"end":{"line":109,"column":3}},"10":{"start":{"line":102,"column":24},"end":{"line":102,"column":46}},"11":{"start":{"line":104,"column":4},"end":{"line":108,"column":7}},"12":{"start":{"line":105,"column":8},"end":{"line":105,"column":44}},"13":{"start":{"line":107,"column":8},"end":{"line":107,"column":34}},"14":{"start":{"line":156,"column":0},"end":{"line":162,"column":3}},"15":{"start":{"line":157,"column":4},"end":{"line":161,"column":6}},"16":{"start":{"line":158,"column":8},"end":{"line":158,"column":34}},"17":{"start":{"line":160,"column":8},"end":{"line":160,"column":33}},"18":{"start":{"line":179,"column":0},"end":{"line":189,"column":3}},"19":{"start":{"line":180,"column":4},"end":{"line":188,"column":6}},"20":{"start":{"line":181,"column":8},"end":{"line":185,"column":9}},"21":{"start":{"line":182,"column":10},"end":{"line":182,"column":84}},"22":{"start":{"line":184,"column":10},"end":{"line":184,"column":30}},"23":{"start":{"line":187,"column":8},"end":{"line":187,"column":33}}},"fnMap":{"0":{"name":"(anonymous_0)","decl":{"start":{"line":43,"column":16},"end":{"line":43,"column":17}},"loc":{"start":{"line":43,"column":42},"end":{"line":61,"column":1}},"line":43},"1":{"name":"(anonymous_1)","decl":{"start":{"line":52,"column":30},"end":{"line":52,"column":31}},"loc":{"start":{"line":52,"column":45},"end":{"line":58,"column":9}},"line":52},"2":{"name":"(anonymous_2)","decl":{"start":{"line":58,"column":17},"end":{"line":58,"column":18}},"loc":{"start":{"line":58,"column":26},"end":{"line":60,"column":9}},"line":58},"3":{"name":"(anonymous_3)","decl":{"start":{"line":101,"column":17},"end":{"line":101,"column":18}},"loc":{"start":{"line":101,"column":43},"end":{"line":109,"column":1}},"line":101},"4":{"name":"(anonymous_4)","decl":{"start":{"line":104,"column":28},"end":{"line":104,"column":29}},"loc":{"start":{"line":104,"column":47},"end":{"line":106,"column":5}},"line":104},"5":{"name":"(anonymous_5)","decl":{"start":{"line":106,"column":13},"end":{"line":106,"column":14}},"loc":{"start":{"line":106,"column":22},"end":{"line":108,"column":5}},"line":106},"6":{"name":"(anonymous_6)","decl":{"start":{"line":156,"column":19},"end":{"line":156,"column":20}},"loc":{"start":{"line":156,"column":45},"end":{"line":162,"column":1}},"line":156},"7":{"name":"(anonymous_7)","decl":{"start":{"line":157,"column":109},"end":{"line":157,"column":110}},"loc":{"start":{"line":157,"column":130},"end":{"line":159,"column":5}},"line":157},"8":{"name":"(anonymous_8)","decl":{"start":{"line":159,"column":13},"end":{"line":159,"column":14}},"loc":{"start":{"line":159,"column":22},"end":{"line":161,"column":5}},"line":159},"9":{"name":"(anonymous_9)","decl":{"start":{"line":179,"column":22},"end":{"line":179,"column":23}},"loc":{"start":{"line":179,"column":48},"end":{"line":189,"column":1}},"line":179},"10":{"name":"(anonymous_10)","decl":{"start":{"line":180,"column":54},"end":{"line":180,"column":55}},"loc":{"start":{"line":180,"column":75},"end":{"line":186,"column":5}},"line":180},"11":{"name":"(anonymous_11)","decl":{"start":{"line":186,"column":13},"end":{"line":186,"column":14}},"loc":{"start":{"line":186,"column":22},"end":{"line":188,"column":5}},"line":186}},"branchMap":{"0":{"loc":{"start":{"line":49,"column":11},"end":{"line":49,"column":69}},"type":"cond-expr","locations":[{"start":{"line":49,"column":29},"end":{"line":49,"column":64}},{"start":{"line":49,"column":67},"end":{"line":49,"column":69}}],"line":49},"1":{"loc":{"start":{"line":53,"column":12},"end":{"line":57,"column":13}},"type":"if","locations":[{"start":{"line":53,"column":12},"end":{"line":57,"column":13}},{"start":{"line":55,"column":19},"end":{"line":57,"column":13}}],"line":53},"2":{"loc":{"start":{"line":181,"column":8},"end":{"line":185,"column":9}},"type":"if","locations":[{"start":{"line":181,"column":8},"end":{"line":185,"column":9}},{"start":{"line":183,"column":15},"end":{"line":185,"column":9}}],"line":181}},"s":{"0":9,"1":9,"2":3,"3":3,"4":3,"5":3,"6":1,"7":2,"8":0,"9":9,"10":3,"11":3,"12":1,"13":2,"14":9,"15":2,"16":1,"17":1,"18":9,"19":2,"20":2,"21":1,"22":1,"23":0},"f":{"0":3,"1":3,"2":0,"3":3,"4":1,"5":2,"6":2,"7":1,"8":1,"9":2,"10":2,"11":0},"b":{"0":[2,1],"1":[1,2],"2":[1,1]},"_coverageSchema":"1a1c01bbd47fc00a2c39e90264f33305004495a9","hash":"ad43ada13145c951bcde20282e63b8ac15b19cbe"}
,"/Users/paulmairot/Documents/HEIG-VD/Semester 6/TB/TB/Code projects/ath-api-tb/routes/pressure.js": {"path":"/Users/paulmairot/Documents/HEIG-VD/Semester 6/TB/TB/Code projects/ath-api-tb/routes/pressure.js","statementMap":{"0":{"start":{"line":4,"column":15},"end":{"line":4,"column":31}},"1":{"start":{"line":37,"column":0},"end":{"line":49,"column":3}},"2":{"start":{"line":38,"column":18},"end":{"line":38,"column":46}},"3":{"start":{"line":40,"column":4},"end":{"line":48,"column":11}},"4":{"start":{"line":41,"column":8},"end":{"line":45,"column":9}},"5":{"start":{"line":42,"column":12},"end":{"line":42,"column":54}},"6":{"start":{"line":44,"column":12},"end":{"line":44,"column":32}},"7":{"start":{"line":47,"column":12},"end":{"line":47,"column":29}},"8":{"start":{"line":76,"column":0},"end":{"line":86,"column":3}},"9":{"start":{"line":77,"column":4},"end":{"line":85,"column":7}},"10":{"start":{"line":78,"column":8},"end":{"line":82,"column":9}},"11":{"start":{"line":79,"column":12},"end":{"line":79,"column":85}},"12":{"start":{"line":81,"column":12},"end":{"line":81,"column":31}},"13":{"start":{"line":84,"column":8},"end":{"line":84,"column":25}},"14":{"start":{"line":115,"column":0},"end":{"line":124,"column":3}},"15":{"start":{"line":116,"column":24},"end":{"line":116,"column":46}},"16":{"start":{"line":118,"column":4},"end":{"line":122,"column":7}},"17":{"start":{"line":119,"column":8},"end":{"line":119,"column":44}},"18":{"start":{"line":121,"column":8},"end":{"line":121,"column":34}},"19":{"start":{"line":158,"column":0},"end":{"line":165,"column":3}},"20":{"start":{"line":159,"column":4},"end":{"line":163,"column":6}},"21":{"start":{"line":160,"column":8},"end":{"line":160,"column":34}},"22":{"start":{"line":162,"column":8},"end":{"line":162,"column":33}},"23":{"start":{"line":182,"column":0},"end":{"line":192,"column":3}},"24":{"start":{"line":183,"column":4},"end":{"line":191,"column":6}},"25":{"start":{"line":184,"column":8},"end":{"line":188,"column":9}},"26":{"start":{"line":185,"column":10},"end":{"line":185,"column":84}},"27":{"start":{"line":187,"column":10},"end":{"line":187,"column":30}},"28":{"start":{"line":190,"column":8},"end":{"line":190,"column":33}}},"fnMap":{"0":{"name":"(anonymous_0)","decl":{"start":{"line":37,"column":16},"end":{"line":37,"column":17}},"loc":{"start":{"line":37,"column":42},"end":{"line":49,"column":1}},"line":37},"1":{"name":"(anonymous_1)","decl":{"start":{"line":40,"column":67},"end":{"line":40,"column":68}},"loc":{"start":{"line":40,"column":82},"end":{"line":46,"column":9}},"line":40},"2":{"name":"(anonymous_2)","decl":{"start":{"line":46,"column":17},"end":{"line":46,"column":18}},"loc":{"start":{"line":46,"column":26},"end":{"line":48,"column":9}},"line":46},"3":{"name":"(anonymous_3)","decl":{"start":{"line":76,"column":19},"end":{"line":76,"column":20}},"loc":{"start":{"line":76,"column":45},"end":{"line":86,"column":1}},"line":76},"4":{"name":"(anonymous_4)","decl":{"start":{"line":77,"column":79},"end":{"line":77,"column":80}},"loc":{"start":{"line":77,"column":93},"end":{"line":83,"column":5}},"line":77},"5":{"name":"(anonymous_5)","decl":{"start":{"line":83,"column":13},"end":{"line":83,"column":14}},"loc":{"start":{"line":83,"column":22},"end":{"line":85,"column":5}},"line":83},"6":{"name":"(anonymous_6)","decl":{"start":{"line":115,"column":17},"end":{"line":115,"column":18}},"loc":{"start":{"line":115,"column":43},"end":{"line":124,"column":1}},"line":115},"7":{"name":"(anonymous_7)","decl":{"start":{"line":118,"column":28},"end":{"line":118,"column":29}},"loc":{"start":{"line":118,"column":47},"end":{"line":120,"column":5}},"line":118},"8":{"name":"(anonymous_8)","decl":{"start":{"line":120,"column":13},"end":{"line":120,"column":14}},"loc":{"start":{"line":120,"column":22},"end":{"line":122,"column":5}},"line":120},"9":{"name":"(anonymous_9)","decl":{"start":{"line":158,"column":19},"end":{"line":158,"column":20}},"loc":{"start":{"line":158,"column":45},"end":{"line":165,"column":1}},"line":158},"10":{"name":"(anonymous_10)","decl":{"start":{"line":159,"column":109},"end":{"line":159,"column":110}},"loc":{"start":{"line":159,"column":130},"end":{"line":161,"column":5}},"line":159},"11":{"name":"(anonymous_11)","decl":{"start":{"line":161,"column":13},"end":{"line":161,"column":14}},"loc":{"start":{"line":161,"column":22},"end":{"line":163,"column":5}},"line":161},"12":{"name":"(anonymous_12)","decl":{"start":{"line":182,"column":22},"end":{"line":182,"column":23}},"loc":{"start":{"line":182,"column":48},"end":{"line":192,"column":1}},"line":182},"13":{"name":"(anonymous_13)","decl":{"start":{"line":183,"column":54},"end":{"line":183,"column":55}},"loc":{"start":{"line":183,"column":75},"end":{"line":189,"column":5}},"line":183},"14":{"name":"(anonymous_14)","decl":{"start":{"line":189,"column":13},"end":{"line":189,"column":14}},"loc":{"start":{"line":189,"column":22},"end":{"line":191,"column":5}},"line":189}},"branchMap":{"0":{"loc":{"start":{"line":41,"column":8},"end":{"line":45,"column":9}},"type":"if","locations":[{"start":{"line":41,"column":8},"end":{"line":45,"column":9}},{"start":{"line":43,"column":15},"end":{"line":45,"column":9}}],"line":41},"1":{"loc":{"start":{"line":78,"column":8},"end":{"line":82,"column":9}},"type":"if","locations":[{"start":{"line":78,"column":8},"end":{"line":82,"column":9}},{"start":{"line":80,"column":15},"end":{"line":82,"column":9}}],"line":78},"2":{"loc":{"start":{"line":184,"column":8},"end":{"line":188,"column":9}},"type":"if","locations":[{"start":{"line":184,"column":8},"end":{"line":188,"column":9}},{"start":{"line":186,"column":15},"end":{"line":188,"column":9}}],"line":184}},"s":{"0":9,"1":9,"2":3,"3":3,"4":3,"5":1,"6":2,"7":0,"8":9,"9":0,"10":0,"11":0,"12":0,"13":0,"14":9,"15":3,"16":3,"17":1,"18":2,"19":9,"20":2,"21":1,"22":1,"23":9,"24":2,"25":2,"26":1,"27":1,"28":0},"f":{"0":3,"1":3,"2":0,"3":0,"4":0,"5":0,"6":3,"7":1,"8":2,"9":2,"10":1,"11":1,"12":2,"13":2,"14":0},"b":{"0":[1,2],"1":[0,0],"2":[1,1]},"_coverageSchema":"1a1c01bbd47fc00a2c39e90264f33305004495a9","hash":"505eba0e060455f1228188316745cfa19146184a"}
,"/Users/paulmairot/Documents/HEIG-VD/Semester 6/TB/TB/Code projects/ath-api-tb/routes/race.js": {"path":"/Users/paulmairot/Documents/HEIG-VD/Semester 6/TB/TB/Code projects/ath-api-tb/routes/race.js","statementMap":{"0":{"start":{"line":5,"column":15},"end":{"line":5,"column":31}},"1":{"start":{"line":48,"column":0},"end":{"line":70,"column":3}},"2":{"start":{"line":49,"column":18},"end":{"line":49,"column":46}},"3":{"start":{"line":50,"column":4},"end":{"line":50,"column":27}},"4":{"start":{"line":52,"column":4},"end":{"line":52,"column":113}},"5":{"start":{"line":52,"column":36},"end":{"line":52,"column":111}},"6":{"start":{"line":53,"column":4},"end":{"line":53,"column":69}},"7":{"start":{"line":53,"column":24},"end":{"line":53,"column":67}},"8":{"start":{"line":55,"column":4},"end":{"line":69,"column":11}},"9":{"start":{"line":62,"column":12},"end":{"line":66,"column":13}},"10":{"start":{"line":63,"column":16},"end":{"line":63,"column":54}},"11":{"start":{"line":65,"column":16},"end":{"line":65,"column":32}},"12":{"start":{"line":68,"column":12},"end":{"line":68,"column":29}},"13":{"start":{"line":110,"column":0},"end":{"line":122,"column":3}},"14":{"start":{"line":111,"column":4},"end":{"line":121,"column":11}},"15":{"start":{"line":114,"column":12},"end":{"line":118,"column":13}},"16":{"start":{"line":115,"column":16},"end":{"line":115,"column":85}},"17":{"start":{"line":117,"column":16},"end":{"line":117,"column":31}},"18":{"start":{"line":120,"column":12},"end":{"line":120,"column":29}},"19":{"start":{"line":170,"column":0},"end":{"line":183,"column":3}},"20":{"start":{"line":171,"column":20},"end":{"line":171,"column":38}},"21":{"start":{"line":173,"column":4},"end":{"line":182,"column":7}},"22":{"start":{"line":175,"column":8},"end":{"line":177,"column":9}},"23":{"start":{"line":179,"column":8},"end":{"line":179,"column":40}},"24":{"start":{"line":181,"column":8},"end":{"line":181,"column":34}},"25":{"start":{"line":236,"column":0},"end":{"line":243,"column":3}},"26":{"start":{"line":237,"column":4},"end":{"line":241,"column":6}},"27":{"start":{"line":238,"column":8},"end":{"line":238,"column":30}},"28":{"start":{"line":240,"column":8},"end":{"line":240,"column":33}},"29":{"start":{"line":259,"column":0},"end":{"line":269,"column":3}},"30":{"start":{"line":260,"column":4},"end":{"line":268,"column":6}},"31":{"start":{"line":261,"column":8},"end":{"line":265,"column":9}},"32":{"start":{"line":262,"column":10},"end":{"line":262,"column":80}},"33":{"start":{"line":264,"column":10},"end":{"line":264,"column":30}},"34":{"start":{"line":267,"column":8},"end":{"line":267,"column":33}}},"fnMap":{"0":{"name":"(anonymous_0)","decl":{"start":{"line":48,"column":16},"end":{"line":48,"column":17}},"loc":{"start":{"line":48,"column":42},"end":{"line":70,"column":1}},"line":48},"1":{"name":"(anonymous_1)","decl":{"start":{"line":61,"column":14},"end":{"line":61,"column":15}},"loc":{"start":{"line":61,"column":25},"end":{"line":67,"column":9}},"line":61},"2":{"name":"(anonymous_2)","decl":{"start":{"line":67,"column":17},"end":{"line":67,"column":18}},"loc":{"start":{"line":67,"column":26},"end":{"line":69,"column":9}},"line":67},"3":{"name":"(anonymous_3)","decl":{"start":{"line":110,"column":19},"end":{"line":110,"column":20}},"loc":{"start":{"line":110,"column":45},"end":{"line":122,"column":1}},"line":110},"4":{"name":"(anonymous_4)","decl":{"start":{"line":113,"column":14},"end":{"line":113,"column":15}},"loc":{"start":{"line":113,"column":24},"end":{"line":119,"column":9}},"line":113},"5":{"name":"(anonymous_5)","decl":{"start":{"line":119,"column":17},"end":{"line":119,"column":18}},"loc":{"start":{"line":119,"column":26},"end":{"line":121,"column":9}},"line":119},"6":{"name":"(anonymous_6)","decl":{"start":{"line":170,"column":17},"end":{"line":170,"column":18}},"loc":{"start":{"line":170,"column":43},"end":{"line":183,"column":1}},"line":170},"7":{"name":"(anonymous_7)","decl":{"start":{"line":173,"column":24},"end":{"line":173,"column":25}},"loc":{"start":{"line":173,"column":45},"end":{"line":180,"column":5}},"line":173},"8":{"name":"(anonymous_8)","decl":{"start":{"line":180,"column":13},"end":{"line":180,"column":14}},"loc":{"start":{"line":180,"column":22},"end":{"line":182,"column":5}},"line":180},"9":{"name":"(anonymous_9)","decl":{"start":{"line":236,"column":19},"end":{"line":236,"column":20}},"loc":{"start":{"line":236,"column":45},"end":{"line":243,"column":1}},"line":236},"10":{"name":"(anonymous_10)","decl":{"start":{"line":237,"column":105},"end":{"line":237,"column":106}},"loc":{"start":{"line":237,"column":122},"end":{"line":239,"column":5}},"line":237},"11":{"name":"(anonymous_11)","decl":{"start":{"line":239,"column":13},"end":{"line":239,"column":14}},"loc":{"start":{"line":239,"column":22},"end":{"line":241,"column":5}},"line":239},"12":{"name":"(anonymous_12)","decl":{"start":{"line":259,"column":22},"end":{"line":259,"column":23}},"loc":{"start":{"line":259,"column":48},"end":{"line":269,"column":1}},"line":259},"13":{"name":"(anonymous_13)","decl":{"start":{"line":260,"column":50},"end":{"line":260,"column":51}},"loc":{"start":{"line":260,"column":67},"end":{"line":266,"column":5}},"line":260},"14":{"name":"(anonymous_14)","decl":{"start":{"line":266,"column":13},"end":{"line":266,"column":14}},"loc":{"start":{"line":266,"column":22},"end":{"line":268,"column":5}},"line":266}},"branchMap":{"0":{"loc":{"start":{"line":52,"column":4},"end":{"line":52,"column":113}},"type":"if","locations":[{"start":{"line":52,"column":4},"end":{"line":52,"column":113}},{"start":{},"end":{}}],"line":52},"1":{"loc":{"start":{"line":53,"column":4},"end":{"line":53,"column":69}},"type":"if","locations":[{"start":{"line":53,"column":4},"end":{"line":53,"column":69}},{"start":{},"end":{}}],"line":53},"2":{"loc":{"start":{"line":57,"column":11},"end":{"line":57,"column":58}},"type":"cond-expr","locations":[{"start":{"line":57,"column":31},"end":{"line":57,"column":39}},{"start":{"line":57,"column":41},"end":{"line":57,"column":58}}],"line":57},"3":{"loc":{"start":{"line":62,"column":12},"end":{"line":66,"column":13}},"type":"if","locations":[{"start":{"line":62,"column":12},"end":{"line":66,"column":13}},{"start":{"line":64,"column":19},"end":{"line":66,"column":13}}],"line":62},"4":{"loc":{"start":{"line":114,"column":12},"end":{"line":118,"column":13}},"type":"if","locations":[{"start":{"line":114,"column":12},"end":{"line":118,"column":13}},{"start":{"line":116,"column":19},"end":{"line":118,"column":13}}],"line":114},"5":{"loc":{"start":{"line":261,"column":8},"end":{"line":265,"column":9}},"type":"if","locations":[{"start":{"line":261,"column":8},"end":{"line":265,"column":9}},{"start":{"line":263,"column":15},"end":{"line":265,"column":9}}],"line":261}},"s":{"0":9,"1":9,"2":3,"3":3,"4":3,"5":1,"6":3,"7":2,"8":3,"9":3,"10":1,"11":2,"12":0,"13":9,"14":0,"15":0,"16":0,"17":0,"18":0,"19":9,"20":3,"21":3,"22":1,"23":1,"24":2,"25":9,"26":2,"27":1,"28":1,"29":9,"30":2,"31":2,"32":1,"33":1,"34":0},"f":{"0":3,"1":3,"2":0,"3":0,"4":0,"5":0,"6":3,"7":1,"8":2,"9":2,"10":1,"11":1,"12":2,"13":2,"14":0},"b":{"0":[1,2],"1":[2,1],"2":[0,3],"3":[1,2],"4":[0,0],"5":[1,1]},"_coverageSchema":"1a1c01bbd47fc00a2c39e90264f33305004495a9","hash":"e75587c375dd5edc93ee5f7d85afdb04d1fdd194"}
,"/Users/paulmairot/Documents/HEIG-VD/Semester 6/TB/TB/Code projects/ath-api-tb/routes/record.js": {"path":"/Users/paulmairot/Documents/HEIG-VD/Semester 6/TB/TB/Code projects/ath-api-tb/routes/record.js","statementMap":{"0":{"start":{"line":4,"column":15},"end":{"line":4,"column":31}},"1":{"start":{"line":52,"column":0},"end":{"line":67,"column":3}},"2":{"start":{"line":53,"column":18},"end":{"line":53,"column":46}},"3":{"start":{"line":54,"column":4},"end":{"line":54,"column":25}},"4":{"start":{"line":56,"column":4},"end":{"line":66,"column":7}},"5":{"start":{"line":59,"column":12},"end":{"line":63,"column":13}},"6":{"start":{"line":60,"column":16},"end":{"line":60,"column":56}},"7":{"start":{"line":62,"column":16},"end":{"line":62,"column":34}},"8":{"start":{"line":65,"column":8},"end":{"line":65,"column":25}},"9":{"start":{"line":97,"column":0},"end":{"line":107,"column":3}},"10":{"start":{"line":98,"column":4},"end":{"line":106,"column":7}},"11":{"start":{"line":99,"column":8},"end":{"line":103,"column":9}},"12":{"start":{"line":100,"column":12},"end":{"line":100,"column":83}},"13":{"start":{"line":102,"column":12},"end":{"line":102,"column":29}},"14":{"start":{"line":105,"column":8},"end":{"line":105,"column":25}},"15":{"start":{"line":142,"column":0},"end":{"line":151,"column":3}},"16":{"start":{"line":143,"column":22},"end":{"line":143,"column":42}},"17":{"start":{"line":145,"column":4},"end":{"line":149,"column":7}},"18":{"start":{"line":146,"column":8},"end":{"line":146,"column":42}},"19":{"start":{"line":148,"column":8},"end":{"line":148,"column":34}},"20":{"start":{"line":191,"column":0},"end":{"line":202,"column":3}},"21":{"start":{"line":192,"column":4},"end":{"line":200,"column":6}},"22":{"start":{"line":193,"column":8},"end":{"line":197,"column":9}},"23":{"start":{"line":194,"column":12},"end":{"line":194,"column":84}},"24":{"start":{"line":196,"column":12},"end":{"line":196,"column":36}},"25":{"start":{"line":199,"column":8},"end":{"line":199,"column":33}},"26":{"start":{"line":218,"column":0},"end":{"line":228,"column":3}},"27":{"start":{"line":219,"column":4},"end":{"line":227,"column":6}},"28":{"start":{"line":220,"column":8},"end":{"line":224,"column":9}},"29":{"start":{"line":221,"column":10},"end":{"line":221,"column":82}},"30":{"start":{"line":223,"column":10},"end":{"line":223,"column":30}},"31":{"start":{"line":226,"column":8},"end":{"line":226,"column":33}}},"fnMap":{"0":{"name":"(anonymous_0)","decl":{"start":{"line":52,"column":16},"end":{"line":52,"column":17}},"loc":{"start":{"line":52,"column":42},"end":{"line":67,"column":1}},"line":52},"1":{"name":"(anonymous_1)","decl":{"start":{"line":58,"column":84},"end":{"line":58,"column":85}},"loc":{"start":{"line":58,"column":97},"end":{"line":64,"column":5}},"line":58},"2":{"name":"(anonymous_2)","decl":{"start":{"line":64,"column":13},"end":{"line":64,"column":14}},"loc":{"start":{"line":64,"column":22},"end":{"line":66,"column":5}},"line":64},"3":{"name":"(anonymous_3)","decl":{"start":{"line":97,"column":19},"end":{"line":97,"column":20}},"loc":{"start":{"line":97,"column":45},"end":{"line":107,"column":1}},"line":97},"4":{"name":"(anonymous_4)","decl":{"start":{"line":98,"column":110},"end":{"line":98,"column":111}},"loc":{"start":{"line":98,"column":122},"end":{"line":104,"column":5}},"line":98},"5":{"name":"(anonymous_5)","decl":{"start":{"line":104,"column":13},"end":{"line":104,"column":14}},"loc":{"start":{"line":104,"column":22},"end":{"line":106,"column":5}},"line":104},"6":{"name":"(anonymous_6)","decl":{"start":{"line":142,"column":17},"end":{"line":142,"column":18}},"loc":{"start":{"line":142,"column":43},"end":{"line":151,"column":1}},"line":142},"7":{"name":"(anonymous_7)","decl":{"start":{"line":145,"column":26},"end":{"line":145,"column":27}},"loc":{"start":{"line":145,"column":43},"end":{"line":147,"column":5}},"line":145},"8":{"name":"(anonymous_8)","decl":{"start":{"line":147,"column":13},"end":{"line":147,"column":14}},"loc":{"start":{"line":147,"column":22},"end":{"line":149,"column":5}},"line":147},"9":{"name":"(anonymous_9)","decl":{"start":{"line":191,"column":19},"end":{"line":191,"column":20}},"loc":{"start":{"line":191,"column":45},"end":{"line":202,"column":1}},"line":191},"10":{"name":"(anonymous_10)","decl":{"start":{"line":192,"column":107},"end":{"line":192,"column":108}},"loc":{"start":{"line":192,"column":126},"end":{"line":198,"column":5}},"line":192},"11":{"name":"(anonymous_11)","decl":{"start":{"line":198,"column":13},"end":{"line":198,"column":14}},"loc":{"start":{"line":198,"column":22},"end":{"line":200,"column":5}},"line":198},"12":{"name":"(anonymous_12)","decl":{"start":{"line":218,"column":22},"end":{"line":218,"column":23}},"loc":{"start":{"line":218,"column":48},"end":{"line":228,"column":1}},"line":218},"13":{"name":"(anonymous_13)","decl":{"start":{"line":219,"column":52},"end":{"line":219,"column":53}},"loc":{"start":{"line":219,"column":71},"end":{"line":225,"column":5}},"line":219},"14":{"name":"(anonymous_14)","decl":{"start":{"line":225,"column":13},"end":{"line":225,"column":14}},"loc":{"start":{"line":225,"column":22},"end":{"line":227,"column":5}},"line":225}},"branchMap":{"0":{"loc":{"start":{"line":59,"column":12},"end":{"line":63,"column":13}},"type":"if","locations":[{"start":{"line":59,"column":12},"end":{"line":63,"column":13}},{"start":{"line":61,"column":19},"end":{"line":63,"column":13}}],"line":59},"1":{"loc":{"start":{"line":99,"column":8},"end":{"line":103,"column":9}},"type":"if","locations":[{"start":{"line":99,"column":8},"end":{"line":103,"column":9}},{"start":{"line":101,"column":15},"end":{"line":103,"column":9}}],"line":99},"2":{"loc":{"start":{"line":193,"column":8},"end":{"line":197,"column":9}},"type":"if","locations":[{"start":{"line":193,"column":8},"end":{"line":197,"column":9}},{"start":{"line":195,"column":15},"end":{"line":197,"column":9}}],"line":193},"3":{"loc":{"start":{"line":220,"column":8},"end":{"line":224,"column":9}},"type":"if","locations":[{"start":{"line":220,"column":8},"end":{"line":224,"column":9}},{"start":{"line":222,"column":15},"end":{"line":224,"column":9}}],"line":220}},"s":{"0":9,"1":9,"2":4,"3":4,"4":4,"5":4,"6":1,"7":3,"8":0,"9":9,"10":0,"11":0,"12":0,"13":0,"14":0,"15":9,"16":3,"17":3,"18":1,"19":2,"20":9,"21":2,"22":1,"23":0,"24":1,"25":1,"26":9,"27":1,"28":1,"29":1,"30":0,"31":0},"f":{"0":4,"1":4,"2":0,"3":0,"4":0,"5":0,"6":3,"7":1,"8":2,"9":2,"10":1,"11":1,"12":1,"13":1,"14":0},"b":{"0":[1,3],"1":[0,0],"2":[0,1],"3":[1,0]},"_coverageSchema":"1a1c01bbd47fc00a2c39e90264f33305004495a9","hash":"b36dbc6991d7039dcea8dbe746fb2fa90358f185"}
,"/Users/paulmairot/Documents/HEIG-VD/Semester 6/TB/TB/Code projects/ath-api-tb/routes/users.js": {"path":"/Users/paulmairot/Documents/HEIG-VD/Semester 6/TB/TB/Code projects/ath-api-tb/routes/users.js","statementMap":{"0":{"start":{"line":2,"column":15},"end":{"line":2,"column":31}},"1":{"start":{"line":4,"column":0},"end":{"line":6,"column":3}},"2":{"start":{"line":5,"column":2},"end":{"line":5,"column":50}}},"fnMap":{"0":{"name":"(anonymous_0)","decl":{"start":{"line":4,"column":16},"end":{"line":4,"column":17}},"loc":{"start":{"line":4,"column":42},"end":{"line":6,"column":1}},"line":4}},"branchMap":{},"s":{"0":9,"1":9,"2":0},"f":{"0":0},"b":{},"_coverageSchema":"1a1c01bbd47fc00a2c39e90264f33305004495a9","hash":"07baef602c923a3f3ce2a89f8146c58ad576451b"}
,"/Users/paulmairot/Documents/HEIG-VD/Semester 6/TB/TB/Code projects/ath-api-tb/spec/utils.js": {"path":"/Users/paulmairot/Documents/HEIG-VD/Semester 6/TB/TB/Code projects/ath-api-tb/spec/utils.js","statementMap":{"0":{"start":{"line":15,"column":4},"end":{"line":15,"column":20}},"1":{"start":{"line":16,"column":4},"end":{"line":16,"column":23}},"2":{"start":{"line":17,"column":4},"end":{"line":17,"column":20}},"3":{"start":{"line":18,"column":4},"end":{"line":18,"column":16}},"4":{"start":{"line":23,"column":2},"end":{"line":23,"column":73}},"5":{"start":{"line":24,"column":2},"end":{"line":24,"column":36}},"6":{"start":{"line":29,"column":2},"end":{"line":32,"column":3}},"7":{"start":{"line":30,"column":4},"end":{"line":30,"column":75}},"8":{"start":{"line":31,"column":4},"end":{"line":31,"column":36}},"9":{"start":{"line":34,"column":2},"end":{"line":34,"column":14}},"10":{"start":{"line":39,"column":2},"end":{"line":39,"column":73}},"11":{"start":{"line":41,"column":2},"end":{"line":41,"column":38}},"12":{"start":{"line":45,"column":2},"end":{"line":77,"column":3}},"13":{"start":{"line":47,"column":4},"end":{"line":76,"column":7}},"14":{"start":{"line":49,"column":19},"end":{"line":49,"column":23}},"15":{"start":{"line":51,"column":6},"end":{"line":75,"column":7}},"16":{"start":{"line":59,"column":10},"end":{"line":59,"column":69}},"17":{"start":{"line":60,"column":10},"end":{"line":60,"column":59}},"18":{"start":{"line":61,"column":10},"end":{"line":61,"column":16}},"19":{"start":{"line":64,"column":10},"end":{"line":64,"column":110}},"20":{"start":{"line":65,"column":10},"end":{"line":65,"column":58}},"21":{"start":{"line":66,"column":10},"end":{"line":66,"column":16}},"22":{"start":{"line":69,"column":10},"end":{"line":69,"column":98}},"23":{"start":{"line":70,"column":10},"end":{"line":70,"column":58}},"24":{"start":{"line":71,"column":10},"end":{"line":71,"column":16}},"25":{"start":{"line":74,"column":10},"end":{"line":74,"column":17}},"26":{"start":{"line":81,"column":15},"end":{"line":81,"column":82}},"27":{"start":{"line":82,"column":13},"end":{"line":82,"column":73}},"28":{"start":{"line":83,"column":16},"end":{"line":83,"column":60}},"29":{"start":{"line":85,"column":2},"end":{"line":95,"column":3}},"30":{"start":{"line":87,"column":22},"end":{"line":87,"column":220}},"31":{"start":{"line":88,"column":4},"end":{"line":88,"column":27}},"32":{"start":{"line":91,"column":4},"end":{"line":94,"column":5}},"33":{"start":{"line":93,"column":6},"end":{"line":93,"column":243}},"34":{"start":{"line":100,"column":2},"end":{"line":110,"column":5}}},"fnMap":{"0":{"name":"transformJson","decl":{"start":{"line":14,"column":16},"end":{"line":14,"column":29}},"loc":{"start":{"line":14,"column":50},"end":{"line":19,"column":1}},"line":14},"1":{"name":"formatDate","decl":{"start":{"line":21,"column":16},"end":{"line":21,"column":26}},"loc":{"start":{"line":21,"column":33},"end":{"line":25,"column":1}},"line":21},"2":{"name":"formatTime","decl":{"start":{"line":27,"column":16},"end":{"line":27,"column":26}},"loc":{"start":{"line":27,"column":33},"end":{"line":35,"column":1}},"line":27},"3":{"name":"formatTimeRace","decl":{"start":{"line":37,"column":16},"end":{"line":37,"column":30}},"loc":{"start":{"line":37,"column":37},"end":{"line":42,"column":1}},"line":37},"4":{"name":"manageRecord","decl":{"start":{"line":44,"column":22},"end":{"line":44,"column":34}},"loc":{"start":{"line":44,"column":48},"end":{"line":78,"column":1}},"line":44},"5":{"name":"(anonymous_5)","decl":{"start":{"line":47,"column":32},"end":{"line":47,"column":33}},"loc":{"start":{"line":47,"column":49},"end":{"line":76,"column":5}},"line":47},"6":{"name":"createUpdateRecord","decl":{"start":{"line":80,"column":15},"end":{"line":80,"column":33}},"loc":{"start":{"line":80,"column":64},"end":{"line":96,"column":1}},"line":80},"7":{"name":"cleanUpDatabase","decl":{"start":{"line":99,"column":22},"end":{"line":99,"column":37}},"loc":{"start":{"line":99,"column":40},"end":{"line":111,"column":1}},"line":99}},"branchMap":{"0":{"loc":{"start":{"line":29,"column":2},"end":{"line":32,"column":3}},"type":"if","locations":[{"start":{"line":29,"column":2},"end":{"line":32,"column":3}},{"start":{},"end":{}}],"line":29},"1":{"loc":{"start":{"line":45,"column":2},"end":{"line":77,"column":3}},"type":"if","locations":[{"start":{"line":45,"column":2},"end":{"line":77,"column":3}},{"start":{},"end":{}}],"line":45},"2":{"loc":{"start":{"line":51,"column":6},"end":{"line":75,"column":7}},"type":"switch","locations":[{"start":{"line":52,"column":8},"end":{"line":52,"column":19}},{"start":{"line":53,"column":8},"end":{"line":53,"column":19}},{"start":{"line":54,"column":8},"end":{"line":54,"column":19}},{"start":{"line":55,"column":8},"end":{"line":55,"column":19}},{"start":{"line":56,"column":8},"end":{"line":56,"column":19}},{"start":{"line":57,"column":8},"end":{"line":57,"column":19}},{"start":{"line":58,"column":8},"end":{"line":62,"column":9}},{"start":{"line":63,"column":8},"end":{"line":67,"column":9}},{"start":{"line":68,"column":8},"end":{"line":72,"column":9}},{"start":{"line":73,"column":8},"end":{"line":74,"column":17}}],"line":51},"3":{"loc":{"start":{"line":85,"column":2},"end":{"line":95,"column":3}},"type":"if","locations":[{"start":{"line":85,"column":2},"end":{"line":95,"column":3}},{"start":{"line":89,"column":9},"end":{"line":95,"column":3}}],"line":85},"4":{"loc":{"start":{"line":91,"column":4},"end":{"line":94,"column":5}},"type":"if","locations":[{"start":{"line":91,"column":4},"end":{"line":94,"column":5}},{"start":{},"end":{}}],"line":91}},"s":{"0":201,"1":201,"2":201,"3":201,"4":85,"5":85,"6":48,"7":38,"8":38,"9":10,"10":5,"11":5,"12":2,"13":2,"14":0,"15":0,"16":0,"17":0,"18":0,"19":0,"20":0,"21":0,"22":0,"23":0,"24":0,"25":0,"26":0,"27":0,"28":0,"29":0,"30":0,"31":0,"32":0,"33":0,"34":102},"f":{"0":201,"1":85,"2":48,"3":5,"4":2,"5":0,"6":0,"7":102},"b":{"0":[38,10],"1":[2,0],"2":[0,0,0,0,0,0,0,0,0,0],"3":[0,0],"4":[0,0]},"_coverageSchema":"1a1c01bbd47fc00a2c39e90264f33305004495a9","hash":"3c1ffa33b380d9ba80e684f1d06622ba51832f12"}
}
