TN:
SF:app.js
FN:47,(anonymous_0)
FN:52,(anonymous_1)
FNF:2
FNH:0
FNDA:0,(anonymous_0)
FNDA:0,(anonymous_1)
DA:21,9
DA:22,9
DA:24,9
DA:26,9
DA:27,9
DA:28,9
DA:30,9
DA:31,9
DA:33,9
DA:34,9
DA:35,9
DA:36,9
DA:37,9
DA:38,9
DA:39,9
DA:40,9
DA:41,9
DA:44,9
DA:47,9
DA:48,0
DA:52,9
DA:54,0
DA:55,0
DA:58,0
DA:59,0
LF:25
LH:20
BRDA:55,0,0,0
BRDA:55,0,1,0
BRDA:58,1,0,0
BRDA:58,1,1,0
BRF:4
BRH:0
end_of_record
TN:
SF:config.js
FNF:0
FNH:0
DA:1,9
DA:2,9
DA:3,9
DA:8,9
DA:9,9
DA:12,9
DA:13,9
DA:14,9
DA:15,0
DA:16,9
DA:17,0
LF:11
LH:9
BRDA:8,0,0,9
BRDA:8,0,1,0
BRDA:9,1,0,9
BRDA:9,1,1,0
BRDA:12,2,0,9
BRDA:12,2,1,0
BRDA:14,3,0,0
BRDA:14,3,1,9
BRDA:16,4,0,0
BRDA:16,4,1,9
BRDA:16,5,0,9
BRDA:16,5,1,9
BRF:12
BRH:7
end_of_record
TN:
SF:models/athlete.js
FN:38,(anonymous_0)
FNF:1
FNH:1
FNDA:83,(anonymous_0)
DA:4,9
DA:6,9
DA:38,9
DA:40,83
DA:41,83
DA:43,83
DA:46,9
LF:7
LH:7
BRF:0
BRH:0
end_of_record
TN:
SF:models/country.js
FN:33,(anonymous_0)
FNF:1
FNH:1
FNDA:79,(anonymous_0)
DA:4,9
DA:6,9
DA:33,9
DA:35,79
DA:37,79
DA:38,79
DA:39,79
DA:41,79
DA:44,9
LF:9
LH:9
BRF:0
BRH:0
end_of_record
TN:
SF:models/discipline.js
FNF:0
FNH:0
DA:7,9
DA:9,9
DA:28,9
LF:3
LH:3
BRF:0
BRH:0
end_of_record
TN:
SF:models/meeting.js
FN:46,(anonymous_0)
FN:48,(anonymous_1)
FNF:2
FNH:2
FNDA:58,(anonymous_0)
FNDA:116,(anonymous_1)
DA:4,9
DA:6,9
DA:46,9
DA:48,58
DA:49,116
DA:53,58
DA:55,58
DA:59,9
LF:8
LH:8
BRF:0
BRH:0
end_of_record
TN:
SF:models/performance.js
FN:56,formatResult
FNF:1
FNH:1
FNDA:9,formatResult
DA:7,9
DA:9,9
DA:58,9
DA:61,9
DA:62,9
DA:63,9
DA:65,9
DA:66,9
DA:69,9
DA:72,9
LF:10
LH:10
BRDA:62,0,0,9
BRDA:62,0,1,0
BRDA:65,1,0,9
BRDA:65,1,1,0
BRDA:65,2,0,9
BRDA:65,2,1,9
BRF:6
BRH:4
end_of_record
TN:
SF:models/position.js
FNF:0
FNH:0
DA:5,9
DA:7,9
DA:50,9
LF:3
LH:3
BRF:0
BRH:0
end_of_record
TN:
SF:models/pressure.js
FNF:0
FNH:0
DA:4,9
DA:6,9
DA:31,9
LF:3
LH:3
BRF:0
BRH:0
end_of_record
TN:
SF:models/race.js
FNF:0
FNH:0
DA:4,9
DA:6,9
DA:52,9
LF:3
LH:3
BRF:0
BRH:0
end_of_record
TN:
SF:models/record.js
FN:24,(anonymous_0)
FNF:1
FNH:1
FNDA:14,(anonymous_0)
DA:4,9
DA:6,9
DA:25,14
DA:43,9
LF:4
LH:4
BRDA:25,0,0,0
BRDA:25,0,1,13
BRF:2
BRH:1
end_of_record
TN:
SF:routes/athlete.js
FN:51,(anonymous_0)
FN:58,(anonymous_1)
FN:64,(anonymous_2)
FN:99,(anonymous_3)
FN:100,(anonymous_4)
FN:106,(anonymous_5)
FN:146,(anonymous_6)
FN:149,(anonymous_7)
FN:151,(anonymous_8)
FN:197,(anonymous_9)
FN:198,(anonymous_10)
FN:200,(anonymous_11)
FN:221,(anonymous_12)
FN:222,(anonymous_13)
FN:228,(anonymous_14)
FNF:15
FNH:10
FNDA:3,(anonymous_0)
FNDA:3,(anonymous_1)
FNDA:0,(anonymous_2)
FNDA:0,(anonymous_3)
FNDA:0,(anonymous_4)
FNDA:0,(anonymous_5)
FNDA:3,(anonymous_6)
FNDA:1,(anonymous_7)
FNDA:2,(anonymous_8)
FNDA:2,(anonymous_9)
FNDA:1,(anonymous_10)
FNDA:1,(anonymous_11)
FNDA:2,(anonymous_12)
FNDA:2,(anonymous_13)
FNDA:0,(anonymous_14)
DA:4,9
DA:51,9
DA:52,3
DA:54,3
DA:55,3
DA:56,3
DA:58,3
DA:59,3
DA:60,1
DA:62,2
DA:65,0
DA:99,9
DA:100,0
DA:101,0
DA:102,0
DA:104,0
DA:107,0
DA:146,9
DA:147,3
DA:149,3
DA:150,1
DA:152,2
DA:197,9
DA:198,2
DA:199,1
DA:201,1
DA:221,9
DA:222,2
DA:223,2
DA:224,1
DA:226,1
DA:229,0
LF:32
LH:25
BRDA:54,0,0,1
BRDA:54,0,1,2
BRDA:55,1,0,1
BRDA:55,1,1,2
BRDA:56,2,0,1
BRDA:56,2,1,2
BRDA:59,3,0,1
BRDA:59,3,1,2
BRDA:101,4,0,0
BRDA:101,4,1,0
BRDA:223,5,0,1
BRDA:223,5,1,1
BRF:12
BRH:10
end_of_record
TN:
SF:routes/country.js
FN:47,(anonymous_0)
FN:55,(anonymous_1)
FN:61,(anonymous_2)
FN:91,(anonymous_3)
FN:92,(anonymous_4)
FN:98,(anonymous_5)
FN:131,(anonymous_6)
FN:134,(anonymous_7)
FN:136,(anonymous_8)
FN:176,(anonymous_9)
FN:177,(anonymous_10)
FN:179,(anonymous_11)
FN:199,(anonymous_12)
FN:200,(anonymous_13)
FN:206,(anonymous_14)
FNF:15
FNH:10
FNDA:3,(anonymous_0)
FNDA:3,(anonymous_1)
FNDA:0,(anonymous_2)
FNDA:0,(anonymous_3)
FNDA:0,(anonymous_4)
FNDA:0,(anonymous_5)
FNDA:3,(anonymous_6)
FNDA:1,(anonymous_7)
FNDA:2,(anonymous_8)
FNDA:2,(anonymous_9)
FNDA:1,(anonymous_10)
FNDA:1,(anonymous_11)
FNDA:2,(anonymous_12)
FNDA:2,(anonymous_13)
FNDA:0,(anonymous_14)
DA:4,9
DA:47,9
DA:48,3
DA:50,3
DA:51,3
DA:52,3
DA:53,3
DA:55,3
DA:56,3
DA:57,1
DA:59,2
DA:62,0
DA:91,9
DA:92,0
DA:93,0
DA:94,0
DA:96,0
DA:99,0
DA:131,9
DA:132,3
DA:134,3
DA:135,1
DA:137,2
DA:176,9
DA:177,2
DA:178,1
DA:180,1
DA:199,9
DA:200,2
DA:201,2
DA:202,1
DA:204,1
DA:207,0
LF:33
LH:26
BRDA:50,0,0,2
BRDA:50,0,1,1
BRDA:51,1,0,1
BRDA:51,1,1,2
BRDA:52,2,0,1
BRDA:52,2,1,2
BRDA:53,3,0,1
BRDA:53,3,1,2
BRDA:56,4,0,1
BRDA:56,4,1,2
BRDA:93,5,0,0
BRDA:93,5,1,0
BRDA:201,6,0,1
BRDA:201,6,1,1
BRF:14
BRH:12
end_of_record
TN:
SF:routes/discipline.js
FN:45,(anonymous_0)
FN:49,(anonymous_1)
FN:55,(anonymous_2)
FN:84,(anonymous_3)
FN:85,(anonymous_4)
FN:91,(anonymous_5)
FN:122,(anonymous_6)
FN:125,(anonymous_7)
FN:127,(anonymous_8)
FN:163,(anonymous_9)
FN:164,(anonymous_10)
FN:166,(anonymous_11)
FN:186,(anonymous_12)
FN:187,(anonymous_13)
FN:193,(anonymous_14)
FNF:15
FNH:10
FNDA:4,(anonymous_0)
FNDA:4,(anonymous_1)
FNDA:0,(anonymous_2)
FNDA:0,(anonymous_3)
FNDA:0,(anonymous_4)
FNDA:0,(anonymous_5)
FNDA:3,(anonymous_6)
FNDA:1,(anonymous_7)
FNDA:2,(anonymous_8)
FNDA:2,(anonymous_9)
FNDA:1,(anonymous_10)
FNDA:1,(anonymous_11)
FNDA:2,(anonymous_12)
FNDA:2,(anonymous_13)
FNDA:0,(anonymous_14)
DA:4,9
DA:45,9
DA:46,4
DA:47,4
DA:49,4
DA:50,4
DA:51,1
DA:53,3
DA:56,0
DA:84,9
DA:85,0
DA:86,0
DA:87,0
DA:89,0
DA:92,0
DA:122,9
DA:123,3
DA:125,3
DA:126,1
DA:128,2
DA:163,9
DA:164,2
DA:165,1
DA:167,1
DA:186,9
DA:187,2
DA:188,2
DA:189,1
DA:191,1
DA:194,0
LF:30
LH:23
BRDA:50,0,0,1
BRDA:50,0,1,3
BRDA:86,1,0,0
BRDA:86,1,1,0
BRDA:188,2,0,1
BRDA:188,2,1,1
BRF:6
BRH:4
end_of_record
TN:
SF:routes/index.js
FN:4,(anonymous_0)
FNF:1
FNH:0
FNDA:0,(anonymous_0)
DA:2,9
DA:4,9
DA:5,0
LF:3
LH:2
BRF:0
BRH:0
end_of_record
TN:
SF:routes/meeting.js
FN:55,(anonymous_0)
FN:62,(anonymous_1)
FN:79,(anonymous_2)
FN:85,(anonymous_3)
FN:122,(anonymous_4)
FN:123,(anonymous_5)
FN:129,(anonymous_6)
FN:171,(anonymous_7)
FN:174,(anonymous_8)
FN:176,(anonymous_9)
FN:225,(anonymous_10)
FN:226,(anonymous_11)
FN:228,(anonymous_12)
FN:249,(anonymous_13)
FN:250,(anonymous_14)
FN:256,(anonymous_15)
FNF:16
FNH:11
FNDA:4,(anonymous_0)
FNDA:4,(anonymous_1)
FNDA:4,(anonymous_2)
FNDA:0,(anonymous_3)
FNDA:0,(anonymous_4)
FNDA:0,(anonymous_5)
FNDA:0,(anonymous_6)
FNDA:3,(anonymous_7)
FNDA:1,(anonymous_8)
FNDA:2,(anonymous_9)
FNDA:2,(anonymous_10)
FNDA:1,(anonymous_11)
FNDA:1,(anonymous_12)
FNDA:2,(anonymous_13)
FNDA:2,(anonymous_14)
FNDA:0,(anonymous_15)
DA:4,9
DA:55,9
DA:56,4
DA:57,4
DA:58,4
DA:59,4
DA:61,4
DA:62,2
DA:63,4
DA:67,4
DA:69,4
DA:70,4
DA:72,4
DA:80,4
DA:81,1
DA:83,3
DA:86,0
DA:122,9
DA:123,0
DA:124,0
DA:125,0
DA:127,0
DA:130,0
DA:171,9
DA:172,3
DA:174,3
DA:175,1
DA:177,2
DA:225,9
DA:226,2
DA:227,1
DA:229,1
DA:249,9
DA:250,2
DA:251,2
DA:252,1
DA:254,1
DA:257,0
LF:38
LH:31
BRDA:61,0,0,2
BRDA:61,0,1,2
BRDA:67,1,0,1
BRDA:67,1,1,3
BRDA:69,2,0,0
BRDA:69,2,1,4
BRDA:70,3,0,0
BRDA:70,3,1,4
BRDA:74,4,0,0
BRDA:74,4,1,4
BRDA:75,5,0,0
BRDA:75,5,1,4
BRDA:76,6,0,0
BRDA:76,6,1,4
BRDA:80,7,0,1
BRDA:80,7,1,3
BRDA:124,8,0,0
BRDA:124,8,1,0
BRDA:251,9,0,1
BRDA:251,9,1,1
BRF:20
BRH:13
end_of_record
TN:
SF:routes/performance.js
FN:10,(anonymous_0)
FN:55,(anonymous_1)
FN:72,(anonymous_2)
FN:78,(anonymous_3)
FN:117,(anonymous_4)
FN:124,(anonymous_5)
FN:130,(anonymous_6)
FN:173,(anonymous_7)
FN:177,(anonymous_8)
FN:187,(anonymous_9)
FN:197,(anonymous_10)
FN:207,(anonymous_11)
FN:257,(anonymous_12)
FN:258,(anonymous_13)
FN:265,(anonymous_14)
FN:286,(anonymous_15)
FN:287,(anonymous_16)
FN:293,(anonymous_17)
FNF:18
FNH:10
FNDA:0,(anonymous_0)
FNDA:3,(anonymous_1)
FNDA:3,(anonymous_2)
FNDA:0,(anonymous_3)
FNDA:0,(anonymous_4)
FNDA:0,(anonymous_5)
FNDA:0,(anonymous_6)
FNDA:3,(anonymous_7)
FNDA:0,(anonymous_8)
FNDA:0,(anonymous_9)
FNDA:1,(anonymous_10)
FNDA:2,(anonymous_11)
FNDA:2,(anonymous_12)
FNDA:1,(anonymous_13)
FNDA:1,(anonymous_14)
FNDA:3,(anonymous_15)
FNDA:3,(anonymous_16)
FNDA:0,(anonymous_17)
DA:10,9
DA:11,0
DA:12,0
DA:15,9
DA:55,9
DA:57,3
DA:58,3
DA:59,3
DA:61,3
DA:73,3
DA:74,1
DA:76,2
DA:79,0
DA:117,9
DA:118,0
DA:125,0
DA:126,0
DA:128,0
DA:131,0
DA:173,9
DA:176,3
DA:177,0
DA:178,0
DA:179,0
DA:186,3
DA:187,0
DA:188,0
DA:189,0
DA:195,3
DA:197,3
DA:199,1
DA:204,1
DA:206,1
DA:208,2
DA:257,9
DA:258,2
DA:261,1
DA:263,1
DA:266,1
DA:286,9
DA:287,3
DA:288,3
DA:289,1
DA:291,2
DA:294,0
LF:45
LH:30
BRDA:62,0,0,1
BRDA:62,0,1,2
BRDA:63,1,0,2
BRDA:63,1,1,1
BRDA:73,2,0,1
BRDA:73,2,1,2
BRDA:125,3,0,0
BRDA:125,3,1,0
BRDA:176,4,0,0
BRDA:176,4,1,3
BRDA:176,5,0,3
BRDA:176,5,1,1
BRDA:176,5,2,0
BRDA:178,6,0,0
BRDA:178,6,1,0
BRDA:186,7,0,0
BRDA:186,7,1,3
BRDA:186,8,0,3
BRDA:186,8,1,1
BRDA:186,8,2,0
BRDA:188,9,0,0
BRDA:188,9,1,0
BRDA:288,10,0,1
BRDA:288,10,1,2
BRF:24
BRH:14
end_of_record
TN:
SF:routes/position.js
FN:43,(anonymous_0)
FN:52,(anonymous_1)
FN:58,(anonymous_2)
FN:101,(anonymous_3)
FN:104,(anonymous_4)
FN:106,(anonymous_5)
FN:156,(anonymous_6)
FN:157,(anonymous_7)
FN:159,(anonymous_8)
FN:179,(anonymous_9)
FN:180,(anonymous_10)
FN:186,(anonymous_11)
FNF:12
FNH:10
FNDA:3,(anonymous_0)
FNDA:3,(anonymous_1)
FNDA:0,(anonymous_2)
FNDA:3,(anonymous_3)
FNDA:1,(anonymous_4)
FNDA:2,(anonymous_5)
FNDA:2,(anonymous_6)
FNDA:1,(anonymous_7)
FNDA:1,(anonymous_8)
FNDA:2,(anonymous_9)
FNDA:2,(anonymous_10)
FNDA:0,(anonymous_11)
DA:4,9
DA:43,9
DA:44,3
DA:45,3
DA:47,3
DA:53,3
DA:54,1
DA:56,2
DA:59,0
DA:101,9
DA:102,3
DA:104,3
DA:105,1
DA:107,2
DA:156,9
DA:157,2
DA:158,1
DA:160,1
DA:179,9
DA:180,2
DA:181,2
DA:182,1
DA:184,1
DA:187,0
LF:24
LH:22
BRDA:49,0,0,2
BRDA:49,0,1,1
BRDA:53,1,0,1
BRDA:53,1,1,2
BRDA:181,2,0,1
BRDA:181,2,1,1
BRF:6
BRH:6
end_of_record
TN:
SF:routes/pressure.js
FN:37,(anonymous_0)
FN:40,(anonymous_1)
FN:46,(anonymous_2)
FN:76,(anonymous_3)
FN:77,(anonymous_4)
FN:83,(anonymous_5)
FN:115,(anonymous_6)
FN:118,(anonymous_7)
FN:120,(anonymous_8)
FN:158,(anonymous_9)
FN:159,(anonymous_10)
FN:161,(anonymous_11)
FN:182,(anonymous_12)
FN:183,(anonymous_13)
FN:189,(anonymous_14)
FNF:15
FNH:10
FNDA:3,(anonymous_0)
FNDA:3,(anonymous_1)
FNDA:0,(anonymous_2)
FNDA:0,(anonymous_3)
FNDA:0,(anonymous_4)
FNDA:0,(anonymous_5)
FNDA:3,(anonymous_6)
FNDA:1,(anonymous_7)
FNDA:2,(anonymous_8)
FNDA:2,(anonymous_9)
FNDA:1,(anonymous_10)
FNDA:1,(anonymous_11)
FNDA:2,(anonymous_12)
FNDA:2,(anonymous_13)
FNDA:0,(anonymous_14)
DA:4,9
DA:37,9
DA:38,3
DA:40,3
DA:41,3
DA:42,1
DA:44,2
DA:47,0
DA:76,9
DA:77,0
DA:78,0
DA:79,0
DA:81,0
DA:84,0
DA:115,9
DA:116,3
DA:118,3
DA:119,1
DA:121,2
DA:158,9
DA:159,2
DA:160,1
DA:162,1
DA:182,9
DA:183,2
DA:184,2
DA:185,1
DA:187,1
DA:190,0
LF:29
LH:22
BRDA:41,0,0,1
BRDA:41,0,1,2
BRDA:78,1,0,0
BRDA:78,1,1,0
BRDA:184,2,0,1
BRDA:184,2,1,1
BRF:6
BRH:4
end_of_record
TN:
SF:routes/race.js
FN:48,(anonymous_0)
FN:61,(anonymous_1)
FN:67,(anonymous_2)
FN:110,(anonymous_3)
FN:113,(anonymous_4)
FN:119,(anonymous_5)
FN:170,(anonymous_6)
FN:173,(anonymous_7)
FN:180,(anonymous_8)
FN:236,(anonymous_9)
FN:237,(anonymous_10)
FN:239,(anonymous_11)
FN:259,(anonymous_12)
FN:260,(anonymous_13)
FN:266,(anonymous_14)
FNF:15
FNH:10
FNDA:3,(anonymous_0)
FNDA:3,(anonymous_1)
FNDA:0,(anonymous_2)
FNDA:0,(anonymous_3)
FNDA:0,(anonymous_4)
FNDA:0,(anonymous_5)
FNDA:3,(anonymous_6)
FNDA:1,(anonymous_7)
FNDA:2,(anonymous_8)
FNDA:2,(anonymous_9)
FNDA:1,(anonymous_10)
FNDA:1,(anonymous_11)
FNDA:2,(anonymous_12)
FNDA:2,(anonymous_13)
FNDA:0,(anonymous_14)
DA:5,9
DA:48,9
DA:49,3
DA:50,3
DA:52,3
DA:53,3
DA:55,3
DA:62,3
DA:63,1
DA:65,2
DA:68,0
DA:110,9
DA:111,0
DA:114,0
DA:115,0
DA:117,0
DA:120,0
DA:170,9
DA:171,3
DA:173,3
DA:175,1
DA:179,1
DA:181,2
DA:236,9
DA:237,2
DA:238,1
DA:240,1
DA:259,9
DA:260,2
DA:261,2
DA:262,1
DA:264,1
DA:267,0
LF:33
LH:26
BRDA:52,0,0,1
BRDA:52,0,1,2
BRDA:53,1,0,2
BRDA:53,1,1,1
BRDA:57,2,0,0
BRDA:57,2,1,3
BRDA:62,3,0,1
BRDA:62,3,1,2
BRDA:114,4,0,0
BRDA:114,4,1,0
BRDA:261,5,0,1
BRDA:261,5,1,1
BRF:12
BRH:9
end_of_record
TN:
SF:routes/record.js
FN:52,(anonymous_0)
FN:58,(anonymous_1)
FN:64,(anonymous_2)
FN:97,(anonymous_3)
FN:98,(anonymous_4)
FN:104,(anonymous_5)
FN:142,(anonymous_6)
FN:145,(anonymous_7)
FN:147,(anonymous_8)
FN:191,(anonymous_9)
FN:192,(anonymous_10)
FN:198,(anonymous_11)
FN:218,(anonymous_12)
FN:219,(anonymous_13)
FN:225,(anonymous_14)
FNF:15
FNH:10
FNDA:4,(anonymous_0)
FNDA:4,(anonymous_1)
FNDA:0,(anonymous_2)
FNDA:0,(anonymous_3)
FNDA:0,(anonymous_4)
FNDA:0,(anonymous_5)
FNDA:3,(anonymous_6)
FNDA:1,(anonymous_7)
FNDA:2,(anonymous_8)
FNDA:2,(anonymous_9)
FNDA:1,(anonymous_10)
FNDA:1,(anonymous_11)
FNDA:1,(anonymous_12)
FNDA:1,(anonymous_13)
FNDA:0,(anonymous_14)
DA:4,9
DA:52,9
DA:53,4
DA:54,4
DA:56,4
DA:59,4
DA:60,1
DA:62,3
DA:65,0
DA:97,9
DA:98,0
DA:99,0
DA:100,0
DA:102,0
DA:105,0
DA:142,9
DA:143,3
DA:145,3
DA:146,1
DA:148,2
DA:191,9
DA:192,2
DA:193,1
DA:194,0
DA:196,1
DA:199,1
DA:218,9
DA:219,1
DA:220,1
DA:221,1
DA:223,0
DA:226,0
LF:32
LH:23
BRDA:59,0,0,1
BRDA:59,0,1,3
BRDA:99,1,0,0
BRDA:99,1,1,0
BRDA:193,2,0,0
BRDA:193,2,1,1
BRDA:220,3,0,1
BRDA:220,3,1,0
BRF:8
BRH:4
end_of_record
TN:
SF:routes/users.js
FN:4,(anonymous_0)
FNF:1
FNH:0
FNDA:0,(anonymous_0)
DA:2,9
DA:4,9
DA:5,0
LF:3
LH:2
BRF:0
BRH:0
end_of_record
TN:
SF:spec/utils.js
FN:14,transformJson
FN:21,formatDate
FN:27,formatTime
FN:37,formatTimeRace
FN:44,manageRecord
FN:47,(anonymous_5)
FN:80,createUpdateRecord
FN:99,cleanUpDatabase
FNF:8
FNH:6
FNDA:201,transformJson
FNDA:85,formatDate
FNDA:48,formatTime
FNDA:5,formatTimeRace
FNDA:2,manageRecord
FNDA:0,(anonymous_5)
FNDA:0,createUpdateRecord
FNDA:102,cleanUpDatabase
DA:15,201
DA:16,201
DA:17,201
DA:18,201
DA:23,85
DA:24,85
DA:29,48
DA:30,38
DA:31,38
DA:34,10
DA:39,5
DA:41,5
DA:45,2
DA:47,2
DA:49,0
DA:51,0
DA:59,0
DA:60,0
DA:61,0
DA:64,0
DA:65,0
DA:66,0
DA:69,0
DA:70,0
DA:71,0
DA:74,0
DA:81,0
DA:82,0
DA:83,0
DA:85,0
DA:87,0
DA:88,0
DA:91,0
DA:93,0
DA:100,102
LF:35
LH:15
BRDA:29,0,0,38
BRDA:29,0,1,10
BRDA:45,1,0,2
BRDA:45,1,1,0
BRDA:51,2,0,0
BRDA:51,2,1,0
BRDA:51,2,2,0
BRDA:51,2,3,0
BRDA:51,2,4,0
BRDA:51,2,5,0
BRDA:51,2,6,0
BRDA:51,2,7,0
BRDA:51,2,8,0
BRDA:51,2,9,0
BRDA:85,3,0,0
BRDA:85,3,1,0
BRDA:91,4,0,0
BRDA:91,4,1,0
BRF:18
BRH:3
end_of_record
